[debug] [2020-08-22T08:31:14.662Z] ----------------------------------------------------------------------
[debug] [2020-08-22T08:31:14.664Z] Command:       C:\Program Files\nodejs\node.exe C:\Users\danyo\AppData\Roaming\npm\node_modules\firebase-tools\lib\bin\firebase.js serve
[debug] [2020-08-22T08:31:14.664Z] CLI Version:   8.9.0
[debug] [2020-08-22T08:31:14.664Z] Platform:      win32
[debug] [2020-08-22T08:31:14.664Z] Node Version:  v12.18.3
[debug] [2020-08-22T08:31:14.665Z] Time:          Sat Aug 22 2020 04:31:14 GMT-0400 (GMT-04:00)
[debug] [2020-08-22T08:31:14.665Z] ----------------------------------------------------------------------
[debug] [2020-08-22T08:31:14.665Z] 
[debug] [2020-08-22T08:31:14.675Z] > command requires scopes: ["email","openid","https://www.googleapis.com/auth/cloudplatformprojects.readonly","https://www.googleapis.com/auth/firebase","https://www.googleapis.com/auth/cloud-platform"]
[debug] [2020-08-22T08:31:14.675Z] > authorizing via signed-in user
[debug] [2020-08-22T08:31:14.675Z] [iam] checking project kimeltu-88856 for permissions ["firebase.projects.get"]
[debug] [2020-08-22T08:31:14.678Z] > refreshing access token with scopes: ["email","https://www.googleapis.com/auth/cloud-platform","https://www.googleapis.com/auth/cloudplatformprojects.readonly","https://www.googleapis.com/auth/firebase","openid"]
[debug] [2020-08-22T08:31:14.678Z] >>> HTTP REQUEST POST https://www.googleapis.com/oauth2/v3/token  
 <request body omitted>
[debug] [2020-08-22T08:31:14.842Z] <<< HTTP RESPONSE 200 {"content-type":"application/json; charset=utf-8","vary":"X-Origin, Referer, Origin,Accept-Encoding","date":"Sat, 22 Aug 2020 08:31:14 GMT","server":"scaffolding on HTTPServer2","cache-control":"private","x-xss-protection":"0","x-frame-options":"SAMEORIGIN","x-content-type-options":"nosniff","alt-svc":"h3-29=\":443\"; ma=2592000,h3-27=\":443\"; ma=2592000,h3-T050=\":443\"; ma=2592000,h3-Q050=\":443\"; ma=2592000,h3-Q046=\":443\"; ma=2592000,h3-Q043=\":443\"; ma=2592000,quic=\":443\"; ma=2592000; v=\"46,43\"","accept-ranges":"none","transfer-encoding":"chunked"}
[debug] [2020-08-22T08:31:14.901Z] >>> HTTP REQUEST POST https://cloudresourcemanager.googleapis.com/v1/projects/kimeltu-88856:testIamPermissions  
 {"permissions":["firebase.projects.get"]}
[debug] [2020-08-22T08:31:15.857Z] <<< HTTP RESPONSE 200 {"content-type":"application/json; charset=UTF-8","vary":"X-Origin, Referer, Origin,Accept-Encoding","date":"Sat, 22 Aug 2020 08:31:15 GMT","server":"ESF","cache-control":"private","x-xss-protection":"0","x-frame-options":"SAMEORIGIN","x-content-type-options":"nosniff","server-timing":"gfet4t7; dur=843","alt-svc":"h3-29=\":443\"; ma=2592000,h3-27=\":443\"; ma=2592000,h3-T050=\":443\"; ma=2592000,h3-Q050=\":443\"; ma=2592000,h3-Q046=\":443\"; ma=2592000,h3-Q043=\":443\"; ma=2592000,quic=\":443\"; ma=2592000; v=\"46,43\"","accept-ranges":"none","transfer-encoding":"chunked"}
[debug] [2020-08-22T08:31:15.858Z] >>> HTTP REQUEST GET https://firebase.googleapis.com/v1beta1/projects/kimeltu-88856  
 
[debug] [2020-08-22T08:31:16.879Z] <<< HTTP RESPONSE 200 {"content-type":"application/json; charset=UTF-8","vary":"X-Origin, Referer, Origin,Accept-Encoding","date":"Sat, 22 Aug 2020 08:31:16 GMT","server":"ESF","cache-control":"private","x-xss-protection":"0","x-frame-options":"SAMEORIGIN","x-content-type-options":"nosniff","alt-svc":"h3-29=\":443\"; ma=2592000,h3-27=\":443\"; ma=2592000,h3-T050=\":443\"; ma=2592000,h3-Q050=\":443\"; ma=2592000,h3-Q046=\":443\"; ma=2592000,h3-Q043=\":443\"; ma=2592000,quic=\":443\"; ma=2592000; v=\"46,43\"","accept-ranges":"none","transfer-encoding":"chunked"}
[info] 
[info] === Serving from 'C:\Users\danyo\OneDrive\Desktop\kimeltu'...
[info] 
[warn] !  Your requested "node" version "8" doesn't match your global version "12" {"metadata":{"emulator":{"name":"functions"},"message":"Your requested \"node\" version \"8\" doesn't match your global version \"12\""}}
[info] i  functions: Watching "C:\Users\danyo\OneDrive\Desktop\kimeltu\functions" for Cloud Functions... {"metadata":{"emulator":{"name":"functions"},"message":"Watching \"C:\\Users\\danyo\\OneDrive\\Desktop\\kimeltu\\functions\" for Cloud Functions..."}}
[debug] [2020-08-22T08:31:19.051Z] [worker-pool] addWorker(~diagnostic~) {"metadata":{"emulator":{"name":"functions"},"message":"[worker-pool] addWorker(~diagnostic~)"}}
[debug] [2020-08-22T08:31:19.051Z] [worker-pool] Adding worker with key ~diagnostic~, total=1 {"metadata":{"emulator":{"name":"functions"},"message":"[worker-pool] Adding worker with key ~diagnostic~, total=1"}}
[debug] [2020-08-22T08:31:19.051Z] [worker-pool] submitWork(triggerId=) {"metadata":{"emulator":{"name":"functions"},"message":"[worker-pool] submitWork(triggerId=)"}}
[debug] [2020-08-22T08:31:19.051Z] [worker-~diagnostic~-ae6171fa-7bf2-4436-9409-bc3438817cc1]: Assigning socketPath: \\?\pipe\C:\Users\danyo\OneDrive\Desktop\kimeltu\functions\15824 {"metadata":{"emulator":{"name":"functions"},"message":"[worker-~diagnostic~-ae6171fa-7bf2-4436-9409-bc3438817cc1]: Assigning socketPath: \\\\?\\pipe\\C:\\Users\\danyo\\OneDrive\\Desktop\\kimeltu\\functions\\15824"}}
[debug] [2020-08-22T08:31:19.052Z] [worker-~diagnostic~-ae6171fa-7bf2-4436-9409-bc3438817cc1]: BUSY {"metadata":{"emulator":{"name":"functions"},"message":"[worker-~diagnostic~-ae6171fa-7bf2-4436-9409-bc3438817cc1]: BUSY"}}
[debug] [2020-08-22T08:31:19.534Z] [runtime-status] [15824] Functions runtime initialized. {"cwd":"C:\\Users\\danyo\\OneDrive\\Desktop\\kimeltu\\functions","node_version":"12.18.3"} {"metadata":{"emulator":{"name":"functions"},"message":"[runtime-status] [15824] Functions runtime initialized. {\"cwd\":\"C:\\\\Users\\\\danyo\\\\OneDrive\\\\Desktop\\\\kimeltu\\\\functions\",\"node_version\":\"12.18.3\"}"}}
[debug] [2020-08-22T08:31:19.535Z] [runtime-status] [15824] Disabled runtime features: undefined {"metadata":{"emulator":{"name":"functions"},"message":"[runtime-status] [15824] Disabled runtime features: undefined"}}
[debug] [2020-08-22T08:31:19.542Z] [runtime-status] [15824] Resolved module firebase-admin {"declared":true,"installed":true,"version":"8.13.0","resolution":"C:\\Users\\danyo\\OneDrive\\Desktop\\kimeltu\\functions\\node_modules\\firebase-admin\\lib\\index.js"} {"metadata":{"emulator":{"name":"functions"},"message":"[runtime-status] [15824] Resolved module firebase-admin {\"declared\":true,\"installed\":true,\"version\":\"8.13.0\",\"resolution\":\"C:\\\\Users\\\\danyo\\\\OneDrive\\\\Desktop\\\\kimeltu\\\\functions\\\\node_modules\\\\firebase-admin\\\\lib\\\\index.js\"}"}}
[debug] [2020-08-22T08:31:19.544Z] [runtime-status] [15824] Resolved module firebase-functions {"declared":true,"installed":true,"version":"3.11.0","resolution":"C:\\Users\\danyo\\OneDrive\\Desktop\\kimeltu\\functions\\node_modules\\firebase-functions\\lib\\index.js"} {"metadata":{"emulator":{"name":"functions"},"message":"[runtime-status] [15824] Resolved module firebase-functions {\"declared\":true,\"installed\":true,\"version\":\"3.11.0\",\"resolution\":\"C:\\\\Users\\\\danyo\\\\OneDrive\\\\Desktop\\\\kimeltu\\\\functions\\\\node_modules\\\\firebase-functions\\\\lib\\\\index.js\"}"}}
[debug] [2020-08-22T08:31:19.545Z] [runtime-status] [15824] Resolved module firebase-functions {"declared":true,"installed":true,"version":"3.11.0","resolution":"C:\\Users\\danyo\\OneDrive\\Desktop\\kimeltu\\functions\\node_modules\\firebase-functions\\lib\\index.js"} {"metadata":{"emulator":{"name":"functions"},"message":"[runtime-status] [15824] Resolved module firebase-functions {\"declared\":true,\"installed\":true,\"version\":\"3.11.0\",\"resolution\":\"C:\\\\Users\\\\danyo\\\\OneDrive\\\\Desktop\\\\kimeltu\\\\functions\\\\node_modules\\\\firebase-functions\\\\lib\\\\index.js\"}"}}
[debug] [2020-08-22T08:31:19.547Z] [runtime-status] [15824] Outgoing network have been stubbed. [{"name":"http","status":"mocked"},{"name":"http","status":"mocked"},{"name":"https","status":"mocked"},{"name":"https","status":"mocked"},{"name":"net","status":"mocked"}] {"metadata":{"emulator":{"name":"functions"},"message":"[runtime-status] [15824] Outgoing network have been stubbed. [{\"name\":\"http\",\"status\":\"mocked\"},{\"name\":\"http\",\"status\":\"mocked\"},{\"name\":\"https\",\"status\":\"mocked\"},{\"name\":\"https\",\"status\":\"mocked\"},{\"name\":\"net\",\"status\":\"mocked\"}]"}}
[debug] [2020-08-22T08:31:19.547Z] [runtime-status] [15824] Resolved module firebase-functions {"declared":true,"installed":true,"version":"3.11.0","resolution":"C:\\Users\\danyo\\OneDrive\\Desktop\\kimeltu\\functions\\node_modules\\firebase-functions\\lib\\index.js"} {"metadata":{"emulator":{"name":"functions"},"message":"[runtime-status] [15824] Resolved module firebase-functions {\"declared\":true,\"installed\":true,\"version\":\"3.11.0\",\"resolution\":\"C:\\\\Users\\\\danyo\\\\OneDrive\\\\Desktop\\\\kimeltu\\\\functions\\\\node_modules\\\\firebase-functions\\\\lib\\\\index.js\"}"}}
[debug] [2020-08-22T08:31:20.161Z] [runtime-status] [15824] Checked functions.config() {"config":{}} {"metadata":{"emulator":{"name":"functions"},"message":"[runtime-status] [15824] Checked functions.config() {\"config\":{}}"}}
[debug] [2020-08-22T08:31:20.162Z] [runtime-status] [15824] firebase-functions has been stubbed. {"functionsResolution":{"declared":true,"installed":true,"version":"3.11.0","resolution":"C:\\Users\\danyo\\OneDrive\\Desktop\\kimeltu\\functions\\node_modules\\firebase-functions\\lib\\index.js"}} {"metadata":{"emulator":{"name":"functions"},"message":"[runtime-status] [15824] firebase-functions has been stubbed. {\"functionsResolution\":{\"declared\":true,\"installed\":true,\"version\":\"3.11.0\",\"resolution\":\"C:\\\\Users\\\\danyo\\\\OneDrive\\\\Desktop\\\\kimeltu\\\\functions\\\\node_modules\\\\firebase-functions\\\\lib\\\\index.js\"}}"}}
[debug] [2020-08-22T08:31:20.162Z] [runtime-status] [15824] Resolved module firebase-functions {"declared":true,"installed":true,"version":"3.11.0","resolution":"C:\\Users\\danyo\\OneDrive\\Desktop\\kimeltu\\functions\\node_modules\\firebase-functions\\lib\\index.js"} {"metadata":{"emulator":{"name":"functions"},"message":"[runtime-status] [15824] Resolved module firebase-functions {\"declared\":true,\"installed\":true,\"version\":\"3.11.0\",\"resolution\":\"C:\\\\Users\\\\danyo\\\\OneDrive\\\\Desktop\\\\kimeltu\\\\functions\\\\node_modules\\\\firebase-functions\\\\lib\\\\index.js\"}"}}
[debug] [2020-08-22T08:31:20.164Z] [runtime-status] [15824] Resolved module firebase-admin {"declared":true,"installed":true,"version":"8.13.0","resolution":"C:\\Users\\danyo\\OneDrive\\Desktop\\kimeltu\\functions\\node_modules\\firebase-admin\\lib\\index.js"} {"metadata":{"emulator":{"name":"functions"},"message":"[runtime-status] [15824] Resolved module firebase-admin {\"declared\":true,\"installed\":true,\"version\":\"8.13.0\",\"resolution\":\"C:\\\\Users\\\\danyo\\\\OneDrive\\\\Desktop\\\\kimeltu\\\\functions\\\\node_modules\\\\firebase-admin\\\\lib\\\\index.js\"}"}}
[debug] [2020-08-22T08:31:20.164Z] [runtime-status] [15824] Resolved module firebase-functions {"declared":true,"installed":true,"version":"3.11.0","resolution":"C:\\Users\\danyo\\OneDrive\\Desktop\\kimeltu\\functions\\node_modules\\firebase-functions\\lib\\index.js"} {"metadata":{"emulator":{"name":"functions"},"message":"[runtime-status] [15824] Resolved module firebase-functions {\"declared\":true,\"installed\":true,\"version\":\"3.11.0\",\"resolution\":\"C:\\\\Users\\\\danyo\\\\OneDrive\\\\Desktop\\\\kimeltu\\\\functions\\\\node_modules\\\\firebase-functions\\\\lib\\\\index.js\"}"}}
[debug] [2020-08-22T08:31:20.164Z] [runtime-status] [15824] firebase-admin has been stubbed. {"adminResolution":{"declared":true,"installed":true,"version":"8.13.0","resolution":"C:\\Users\\danyo\\OneDrive\\Desktop\\kimeltu\\functions\\node_modules\\firebase-admin\\lib\\index.js"}} {"metadata":{"emulator":{"name":"functions"},"message":"[runtime-status] [15824] firebase-admin has been stubbed. {\"adminResolution\":{\"declared\":true,\"installed\":true,\"version\":\"8.13.0\",\"resolution\":\"C:\\\\Users\\\\danyo\\\\OneDrive\\\\Desktop\\\\kimeltu\\\\functions\\\\node_modules\\\\firebase-admin\\\\lib\\\\index.js\"}}"}}
[debug] [2020-08-22T08:31:21.546Z] [runtime-status] [15824] initializeApp(DEFAULT) {"databaseURL":"https://kimeltu-88856.firebaseio.com","storageBucket":"kimeltu-88856.appspot.com","projectId":"kimeltu-88856"} {"metadata":{"emulator":{"name":"functions"},"message":"[runtime-status] [15824] initializeApp(DEFAULT) {\"databaseURL\":\"https://kimeltu-88856.firebaseio.com\",\"storageBucket\":\"kimeltu-88856.appspot.com\",\"projectId\":\"kimeltu-88856\"}"}}
[warn] !  functions: The Cloud Firestore emulator is not running, so calls to Firestore will affect production. {"metadata":{"emulator":{"name":"functions"},"message":"The Cloud Firestore emulator is not running, so calls to Firestore will affect production."}}
[warn] !  Error: Cannot find module './handlers/user'
Require stack:
- C:\Users\danyo\OneDrive\Desktop\kimeltu\functions\index.js
- C:\Users\danyo\AppData\Roaming\npm\node_modules\firebase-tools\lib\emulator\functionsEmulatorRuntime.js
    at Function.Module._resolveFilename (internal/modules/cjs/loader.js:965:15)
    at Function.Module._load (internal/modules/cjs/loader.js:841:27)
    at Module.require (internal/modules/cjs/loader.js:1025:19)
    at require (internal/modules/cjs/helpers.js:72:18)
    at Object.<anonymous> (C:\Users\danyo\OneDrive\Desktop\kimeltu\functions\index.js:9:16)
    at Module._compile (internal/modules/cjs/loader.js:1137:30)
    at Object.Module._extensions..js (internal/modules/cjs/loader.js:1157:10)
    at Module.load (internal/modules/cjs/loader.js:985:32)
    at Function.Module._load (internal/modules/cjs/loader.js:878:14)
    at Module.require (internal/modules/cjs/loader.js:1025:19) {"metadata":{"emulator":{"name":"functions"},"message":"Error: Cannot find module './handlers/user'\nRequire stack:\n- C:\\Users\\danyo\\OneDrive\\Desktop\\kimeltu\\functions\\index.js\n- C:\\Users\\danyo\\AppData\\Roaming\\npm\\node_modules\\firebase-tools\\lib\\emulator\\functionsEmulatorRuntime.js\n    at Function.Module._resolveFilename (internal/modules/cjs/loader.js:965:15)\n    at Function.Module._load (internal/modules/cjs/loader.js:841:27)\n    at Module.require (internal/modules/cjs/loader.js:1025:19)\n    at require (internal/modules/cjs/helpers.js:72:18)\n    at Object.<anonymous> (C:\\Users\\danyo\\OneDrive\\Desktop\\kimeltu\\functions\\index.js:9:16)\n    at Module._compile (internal/modules/cjs/loader.js:1137:30)\n    at Object.Module._extensions..js (internal/modules/cjs/loader.js:1157:10)\n    at Module.load (internal/modules/cjs/loader.js:985:32)\n    at Function.Module._load (internal/modules/cjs/loader.js:878:14)\n    at Module.require (internal/modules/cjs/loader.js:1025:19)"}}
[warn] !  We were unable to load your functions code. (see above) {"metadata":{"emulator":{"name":"functions"}}}
[debug] [2020-08-22T08:31:25.735Z] [worker-~diagnostic~-ae6171fa-7bf2-4436-9409-bc3438817cc1]: exited {"metadata":{"emulator":{"name":"functions"},"message":"[worker-~diagnostic~-ae6171fa-7bf2-4436-9409-bc3438817cc1]: exited"}}
[debug] [2020-08-22T08:31:25.735Z] [worker-~diagnostic~-ae6171fa-7bf2-4436-9409-bc3438817cc1]: FINISHED {"metadata":{"emulator":{"name":"functions"},"message":"[worker-~diagnostic~-ae6171fa-7bf2-4436-9409-bc3438817cc1]: FINISHED"}}
[debug] [2020-08-22T08:34:40.068Z] File C:\Users\danyo\OneDrive\Desktop\kimeltu\functions\index.js changed, reloading triggers {"metadata":{"emulator":{"name":"functions"},"message":"File C:\\Users\\danyo\\OneDrive\\Desktop\\kimeltu\\functions\\index.js changed, reloading triggers"}}
[debug] [2020-08-22T08:34:41.070Z] [worker-pool] Cleaned up workers for ~diagnostic~: 1 --> 0 {"metadata":{"emulator":{"name":"functions"},"message":"[worker-pool] Cleaned up workers for ~diagnostic~: 1 --> 0"}}
[debug] [2020-08-22T08:34:41.076Z] [worker-pool] addWorker(~diagnostic~) {"metadata":{"emulator":{"name":"functions"},"message":"[worker-pool] addWorker(~diagnostic~)"}}
[debug] [2020-08-22T08:34:41.077Z] [worker-pool] Adding worker with key ~diagnostic~, total=1 {"metadata":{"emulator":{"name":"functions"},"message":"[worker-pool] Adding worker with key ~diagnostic~, total=1"}}
[debug] [2020-08-22T08:34:41.077Z] [worker-pool] submitWork(triggerId=) {"metadata":{"emulator":{"name":"functions"},"message":"[worker-pool] submitWork(triggerId=)"}}
[debug] [2020-08-22T08:34:41.077Z] [worker-~diagnostic~-b533523c-70df-466c-9f3d-0ca1477c039d]: Assigning socketPath: \\?\pipe\C:\Users\danyo\OneDrive\Desktop\kimeltu\functions\9068 {"metadata":{"emulator":{"name":"functions"},"message":"[worker-~diagnostic~-b533523c-70df-466c-9f3d-0ca1477c039d]: Assigning socketPath: \\\\?\\pipe\\C:\\Users\\danyo\\OneDrive\\Desktop\\kimeltu\\functions\\9068"}}
[debug] [2020-08-22T08:34:41.077Z] [worker-~diagnostic~-b533523c-70df-466c-9f3d-0ca1477c039d]: BUSY {"metadata":{"emulator":{"name":"functions"},"message":"[worker-~diagnostic~-b533523c-70df-466c-9f3d-0ca1477c039d]: BUSY"}}
[debug] [2020-08-22T08:34:41.700Z] [runtime-status] [9068] Functions runtime initialized. {"cwd":"C:\\Users\\danyo\\OneDrive\\Desktop\\kimeltu\\functions","node_version":"12.18.3"} {"metadata":{"emulator":{"name":"functions"},"message":"[runtime-status] [9068] Functions runtime initialized. {\"cwd\":\"C:\\\\Users\\\\danyo\\\\OneDrive\\\\Desktop\\\\kimeltu\\\\functions\",\"node_version\":\"12.18.3\"}"}}
[debug] [2020-08-22T08:34:41.701Z] [runtime-status] [9068] Disabled runtime features: undefined {"metadata":{"emulator":{"name":"functions"},"message":"[runtime-status] [9068] Disabled runtime features: undefined"}}
[debug] [2020-08-22T08:34:41.705Z] [runtime-status] [9068] Resolved module firebase-admin {"declared":true,"installed":true,"version":"8.13.0","resolution":"C:\\Users\\danyo\\OneDrive\\Desktop\\kimeltu\\functions\\node_modules\\firebase-admin\\lib\\index.js"} {"metadata":{"emulator":{"name":"functions"},"message":"[runtime-status] [9068] Resolved module firebase-admin {\"declared\":true,\"installed\":true,\"version\":\"8.13.0\",\"resolution\":\"C:\\\\Users\\\\danyo\\\\OneDrive\\\\Desktop\\\\kimeltu\\\\functions\\\\node_modules\\\\firebase-admin\\\\lib\\\\index.js\"}"}}
[debug] [2020-08-22T08:34:41.709Z] [runtime-status] [9068] Resolved module firebase-functions {"declared":true,"installed":true,"version":"3.11.0","resolution":"C:\\Users\\danyo\\OneDrive\\Desktop\\kimeltu\\functions\\node_modules\\firebase-functions\\lib\\index.js"} {"metadata":{"emulator":{"name":"functions"},"message":"[runtime-status] [9068] Resolved module firebase-functions {\"declared\":true,\"installed\":true,\"version\":\"3.11.0\",\"resolution\":\"C:\\\\Users\\\\danyo\\\\OneDrive\\\\Desktop\\\\kimeltu\\\\functions\\\\node_modules\\\\firebase-functions\\\\lib\\\\index.js\"}"}}
[debug] [2020-08-22T08:34:41.710Z] [runtime-status] [9068] Resolved module firebase-functions {"declared":true,"installed":true,"version":"3.11.0","resolution":"C:\\Users\\danyo\\OneDrive\\Desktop\\kimeltu\\functions\\node_modules\\firebase-functions\\lib\\index.js"} {"metadata":{"emulator":{"name":"functions"},"message":"[runtime-status] [9068] Resolved module firebase-functions {\"declared\":true,\"installed\":true,\"version\":\"3.11.0\",\"resolution\":\"C:\\\\Users\\\\danyo\\\\OneDrive\\\\Desktop\\\\kimeltu\\\\functions\\\\node_modules\\\\firebase-functions\\\\lib\\\\index.js\"}"}}
[debug] [2020-08-22T08:34:41.711Z] [runtime-status] [9068] Outgoing network have been stubbed. [{"name":"http","status":"mocked"},{"name":"http","status":"mocked"},{"name":"https","status":"mocked"},{"name":"https","status":"mocked"},{"name":"net","status":"mocked"}] {"metadata":{"emulator":{"name":"functions"},"message":"[runtime-status] [9068] Outgoing network have been stubbed. [{\"name\":\"http\",\"status\":\"mocked\"},{\"name\":\"http\",\"status\":\"mocked\"},{\"name\":\"https\",\"status\":\"mocked\"},{\"name\":\"https\",\"status\":\"mocked\"},{\"name\":\"net\",\"status\":\"mocked\"}]"}}
[debug] [2020-08-22T08:34:41.711Z] [runtime-status] [9068] Resolved module firebase-functions {"declared":true,"installed":true,"version":"3.11.0","resolution":"C:\\Users\\danyo\\OneDrive\\Desktop\\kimeltu\\functions\\node_modules\\firebase-functions\\lib\\index.js"} {"metadata":{"emulator":{"name":"functions"},"message":"[runtime-status] [9068] Resolved module firebase-functions {\"declared\":true,\"installed\":true,\"version\":\"3.11.0\",\"resolution\":\"C:\\\\Users\\\\danyo\\\\OneDrive\\\\Desktop\\\\kimeltu\\\\functions\\\\node_modules\\\\firebase-functions\\\\lib\\\\index.js\"}"}}
[debug] [2020-08-22T08:34:41.754Z] [runtime-status] [9068] Checked functions.config() {"config":{}} {"metadata":{"emulator":{"name":"functions"},"message":"[runtime-status] [9068] Checked functions.config() {\"config\":{}}"}}
[debug] [2020-08-22T08:34:41.754Z] [runtime-status] [9068] firebase-functions has been stubbed. {"functionsResolution":{"declared":true,"installed":true,"version":"3.11.0","resolution":"C:\\Users\\danyo\\OneDrive\\Desktop\\kimeltu\\functions\\node_modules\\firebase-functions\\lib\\index.js"}} {"metadata":{"emulator":{"name":"functions"},"message":"[runtime-status] [9068] firebase-functions has been stubbed. {\"functionsResolution\":{\"declared\":true,\"installed\":true,\"version\":\"3.11.0\",\"resolution\":\"C:\\\\Users\\\\danyo\\\\OneDrive\\\\Desktop\\\\kimeltu\\\\functions\\\\node_modules\\\\firebase-functions\\\\lib\\\\index.js\"}}"}}
[debug] [2020-08-22T08:34:41.755Z] [runtime-status] [9068] Resolved module firebase-functions {"declared":true,"installed":true,"version":"3.11.0","resolution":"C:\\Users\\danyo\\OneDrive\\Desktop\\kimeltu\\functions\\node_modules\\firebase-functions\\lib\\index.js"} {"metadata":{"emulator":{"name":"functions"},"message":"[runtime-status] [9068] Resolved module firebase-functions {\"declared\":true,\"installed\":true,\"version\":\"3.11.0\",\"resolution\":\"C:\\\\Users\\\\danyo\\\\OneDrive\\\\Desktop\\\\kimeltu\\\\functions\\\\node_modules\\\\firebase-functions\\\\lib\\\\index.js\"}"}}
[debug] [2020-08-22T08:34:41.756Z] [runtime-status] [9068] Resolved module firebase-admin {"declared":true,"installed":true,"version":"8.13.0","resolution":"C:\\Users\\danyo\\OneDrive\\Desktop\\kimeltu\\functions\\node_modules\\firebase-admin\\lib\\index.js"} {"metadata":{"emulator":{"name":"functions"},"message":"[runtime-status] [9068] Resolved module firebase-admin {\"declared\":true,\"installed\":true,\"version\":\"8.13.0\",\"resolution\":\"C:\\\\Users\\\\danyo\\\\OneDrive\\\\Desktop\\\\kimeltu\\\\functions\\\\node_modules\\\\firebase-admin\\\\lib\\\\index.js\"}"}}
[debug] [2020-08-22T08:34:41.757Z] [runtime-status] [9068] Resolved module firebase-functions {"declared":true,"installed":true,"version":"3.11.0","resolution":"C:\\Users\\danyo\\OneDrive\\Desktop\\kimeltu\\functions\\node_modules\\firebase-functions\\lib\\index.js"} {"metadata":{"emulator":{"name":"functions"},"message":"[runtime-status] [9068] Resolved module firebase-functions {\"declared\":true,\"installed\":true,\"version\":\"3.11.0\",\"resolution\":\"C:\\\\Users\\\\danyo\\\\OneDrive\\\\Desktop\\\\kimeltu\\\\functions\\\\node_modules\\\\firebase-functions\\\\lib\\\\index.js\"}"}}
[debug] [2020-08-22T08:34:41.757Z] [runtime-status] [9068] firebase-admin has been stubbed. {"adminResolution":{"declared":true,"installed":true,"version":"8.13.0","resolution":"C:\\Users\\danyo\\OneDrive\\Desktop\\kimeltu\\functions\\node_modules\\firebase-admin\\lib\\index.js"}} {"metadata":{"emulator":{"name":"functions"},"message":"[runtime-status] [9068] firebase-admin has been stubbed. {\"adminResolution\":{\"declared\":true,\"installed\":true,\"version\":\"8.13.0\",\"resolution\":\"C:\\\\Users\\\\danyo\\\\OneDrive\\\\Desktop\\\\kimeltu\\\\functions\\\\node_modules\\\\firebase-admin\\\\lib\\\\index.js\"}}"}}
[debug] [2020-08-22T08:34:41.886Z] [runtime-status] [9068] initializeApp(DEFAULT) {"databaseURL":"https://kimeltu-88856.firebaseio.com","storageBucket":"kimeltu-88856.appspot.com","projectId":"kimeltu-88856"} {"metadata":{"emulator":{"name":"functions"},"message":"[runtime-status] [9068] initializeApp(DEFAULT) {\"databaseURL\":\"https://kimeltu-88856.firebaseio.com\",\"storageBucket\":\"kimeltu-88856.appspot.com\",\"projectId\":\"kimeltu-88856\"}"}}
[warn] !  functions: The Cloud Firestore emulator is not running, so calls to Firestore will affect production. {"metadata":{"emulator":{"name":"functions"},"message":"The Cloud Firestore emulator is not running, so calls to Firestore will affect production."}}
[warn] !  Error: Cannot find module './handlers/user'
Require stack:
- C:\Users\danyo\OneDrive\Desktop\kimeltu\functions\index.js
- C:\Users\danyo\AppData\Roaming\npm\node_modules\firebase-tools\lib\emulator\functionsEmulatorRuntime.js
    at Function.Module._resolveFilename (internal/modules/cjs/loader.js:965:15)
    at Function.Module._load (internal/modules/cjs/loader.js:841:27)
    at Module.require (internal/modules/cjs/loader.js:1025:19)
    at require (internal/modules/cjs/helpers.js:72:18)
    at Object.<anonymous> (C:\Users\danyo\OneDrive\Desktop\kimeltu\functions\index.js:9:16)
    at Module._compile (internal/modules/cjs/loader.js:1137:30)
    at Object.Module._extensions..js (internal/modules/cjs/loader.js:1157:10)
    at Module.load (internal/modules/cjs/loader.js:985:32)
    at Function.Module._load (internal/modules/cjs/loader.js:878:14)
    at Module.require (internal/modules/cjs/loader.js:1025:19) {"metadata":{"emulator":{"name":"functions"},"message":"Error: Cannot find module './handlers/user'\nRequire stack:\n- C:\\Users\\danyo\\OneDrive\\Desktop\\kimeltu\\functions\\index.js\n- C:\\Users\\danyo\\AppData\\Roaming\\npm\\node_modules\\firebase-tools\\lib\\emulator\\functionsEmulatorRuntime.js\n    at Function.Module._resolveFilename (internal/modules/cjs/loader.js:965:15)\n    at Function.Module._load (internal/modules/cjs/loader.js:841:27)\n    at Module.require (internal/modules/cjs/loader.js:1025:19)\n    at require (internal/modules/cjs/helpers.js:72:18)\n    at Object.<anonymous> (C:\\Users\\danyo\\OneDrive\\Desktop\\kimeltu\\functions\\index.js:9:16)\n    at Module._compile (internal/modules/cjs/loader.js:1137:30)\n    at Object.Module._extensions..js (internal/modules/cjs/loader.js:1157:10)\n    at Module.load (internal/modules/cjs/loader.js:985:32)\n    at Function.Module._load (internal/modules/cjs/loader.js:878:14)\n    at Module.require (internal/modules/cjs/loader.js:1025:19)"}}
[warn] !  We were unable to load your functions code. (see above) {"metadata":{"emulator":{"name":"functions"}}}
[debug] [2020-08-22T08:34:42.272Z] [worker-~diagnostic~-b533523c-70df-466c-9f3d-0ca1477c039d]: exited {"metadata":{"emulator":{"name":"functions"},"message":"[worker-~diagnostic~-b533523c-70df-466c-9f3d-0ca1477c039d]: exited"}}
[debug] [2020-08-22T08:34:42.272Z] [worker-~diagnostic~-b533523c-70df-466c-9f3d-0ca1477c039d]: FINISHED {"metadata":{"emulator":{"name":"functions"},"message":"[worker-~diagnostic~-b533523c-70df-466c-9f3d-0ca1477c039d]: FINISHED"}}
[debug] [2020-08-22T08:34:47.171Z] File C:\Users\danyo\OneDrive\Desktop\kimeltu\functions\index.js changed, reloading triggers {"metadata":{"emulator":{"name":"functions"},"message":"File C:\\Users\\danyo\\OneDrive\\Desktop\\kimeltu\\functions\\index.js changed, reloading triggers"}}
[debug] [2020-08-22T08:34:48.171Z] [worker-pool] Cleaned up workers for ~diagnostic~: 1 --> 0 {"metadata":{"emulator":{"name":"functions"},"message":"[worker-pool] Cleaned up workers for ~diagnostic~: 1 --> 0"}}
[debug] [2020-08-22T08:34:48.177Z] [worker-pool] addWorker(~diagnostic~) {"metadata":{"emulator":{"name":"functions"},"message":"[worker-pool] addWorker(~diagnostic~)"}}
[debug] [2020-08-22T08:34:48.177Z] [worker-pool] Adding worker with key ~diagnostic~, total=1 {"metadata":{"emulator":{"name":"functions"},"message":"[worker-pool] Adding worker with key ~diagnostic~, total=1"}}
[debug] [2020-08-22T08:34:48.177Z] [worker-pool] submitWork(triggerId=) {"metadata":{"emulator":{"name":"functions"},"message":"[worker-pool] submitWork(triggerId=)"}}
[debug] [2020-08-22T08:34:48.177Z] [worker-~diagnostic~-13465718-6e54-4f50-b3bb-e21eb415da2e]: Assigning socketPath: \\?\pipe\C:\Users\danyo\OneDrive\Desktop\kimeltu\functions\16876 {"metadata":{"emulator":{"name":"functions"},"message":"[worker-~diagnostic~-13465718-6e54-4f50-b3bb-e21eb415da2e]: Assigning socketPath: \\\\?\\pipe\\C:\\Users\\danyo\\OneDrive\\Desktop\\kimeltu\\functions\\16876"}}
[debug] [2020-08-22T08:34:48.178Z] [worker-~diagnostic~-13465718-6e54-4f50-b3bb-e21eb415da2e]: BUSY {"metadata":{"emulator":{"name":"functions"},"message":"[worker-~diagnostic~-13465718-6e54-4f50-b3bb-e21eb415da2e]: BUSY"}}
[debug] [2020-08-22T08:34:48.747Z] [runtime-status] [16876] Functions runtime initialized. {"cwd":"C:\\Users\\danyo\\OneDrive\\Desktop\\kimeltu\\functions","node_version":"12.18.3"} {"metadata":{"emulator":{"name":"functions"},"message":"[runtime-status] [16876] Functions runtime initialized. {\"cwd\":\"C:\\\\Users\\\\danyo\\\\OneDrive\\\\Desktop\\\\kimeltu\\\\functions\",\"node_version\":\"12.18.3\"}"}}
[debug] [2020-08-22T08:34:48.749Z] [runtime-status] [16876] Disabled runtime features: undefined {"metadata":{"emulator":{"name":"functions"},"message":"[runtime-status] [16876] Disabled runtime features: undefined"}}
[debug] [2020-08-22T08:34:48.755Z] [runtime-status] [16876] Resolved module firebase-admin {"declared":true,"installed":true,"version":"8.13.0","resolution":"C:\\Users\\danyo\\OneDrive\\Desktop\\kimeltu\\functions\\node_modules\\firebase-admin\\lib\\index.js"} {"metadata":{"emulator":{"name":"functions"},"message":"[runtime-status] [16876] Resolved module firebase-admin {\"declared\":true,\"installed\":true,\"version\":\"8.13.0\",\"resolution\":\"C:\\\\Users\\\\danyo\\\\OneDrive\\\\Desktop\\\\kimeltu\\\\functions\\\\node_modules\\\\firebase-admin\\\\lib\\\\index.js\"}"}}
[debug] [2020-08-22T08:34:48.757Z] [runtime-status] [16876] Resolved module firebase-functions {"declared":true,"installed":true,"version":"3.11.0","resolution":"C:\\Users\\danyo\\OneDrive\\Desktop\\kimeltu\\functions\\node_modules\\firebase-functions\\lib\\index.js"} {"metadata":{"emulator":{"name":"functions"},"message":"[runtime-status] [16876] Resolved module firebase-functions {\"declared\":true,\"installed\":true,\"version\":\"3.11.0\",\"resolution\":\"C:\\\\Users\\\\danyo\\\\OneDrive\\\\Desktop\\\\kimeltu\\\\functions\\\\node_modules\\\\firebase-functions\\\\lib\\\\index.js\"}"}}
[debug] [2020-08-22T08:34:48.758Z] [runtime-status] [16876] Resolved module firebase-functions {"declared":true,"installed":true,"version":"3.11.0","resolution":"C:\\Users\\danyo\\OneDrive\\Desktop\\kimeltu\\functions\\node_modules\\firebase-functions\\lib\\index.js"} {"metadata":{"emulator":{"name":"functions"},"message":"[runtime-status] [16876] Resolved module firebase-functions {\"declared\":true,\"installed\":true,\"version\":\"3.11.0\",\"resolution\":\"C:\\\\Users\\\\danyo\\\\OneDrive\\\\Desktop\\\\kimeltu\\\\functions\\\\node_modules\\\\firebase-functions\\\\lib\\\\index.js\"}"}}
[debug] [2020-08-22T08:34:48.759Z] [runtime-status] [16876] Outgoing network have been stubbed. [{"name":"http","status":"mocked"},{"name":"http","status":"mocked"},{"name":"https","status":"mocked"},{"name":"https","status":"mocked"},{"name":"net","status":"mocked"}] {"metadata":{"emulator":{"name":"functions"},"message":"[runtime-status] [16876] Outgoing network have been stubbed. [{\"name\":\"http\",\"status\":\"mocked\"},{\"name\":\"http\",\"status\":\"mocked\"},{\"name\":\"https\",\"status\":\"mocked\"},{\"name\":\"https\",\"status\":\"mocked\"},{\"name\":\"net\",\"status\":\"mocked\"}]"}}
[debug] [2020-08-22T08:34:48.759Z] [runtime-status] [16876] Resolved module firebase-functions {"declared":true,"installed":true,"version":"3.11.0","resolution":"C:\\Users\\danyo\\OneDrive\\Desktop\\kimeltu\\functions\\node_modules\\firebase-functions\\lib\\index.js"} {"metadata":{"emulator":{"name":"functions"},"message":"[runtime-status] [16876] Resolved module firebase-functions {\"declared\":true,\"installed\":true,\"version\":\"3.11.0\",\"resolution\":\"C:\\\\Users\\\\danyo\\\\OneDrive\\\\Desktop\\\\kimeltu\\\\functions\\\\node_modules\\\\firebase-functions\\\\lib\\\\index.js\"}"}}
[debug] [2020-08-22T08:34:48.804Z] [runtime-status] [16876] Checked functions.config() {"config":{}} {"metadata":{"emulator":{"name":"functions"},"message":"[runtime-status] [16876] Checked functions.config() {\"config\":{}}"}}
[debug] [2020-08-22T08:34:48.804Z] [runtime-status] [16876] firebase-functions has been stubbed. {"functionsResolution":{"declared":true,"installed":true,"version":"3.11.0","resolution":"C:\\Users\\danyo\\OneDrive\\Desktop\\kimeltu\\functions\\node_modules\\firebase-functions\\lib\\index.js"}} {"metadata":{"emulator":{"name":"functions"},"message":"[runtime-status] [16876] firebase-functions has been stubbed. {\"functionsResolution\":{\"declared\":true,\"installed\":true,\"version\":\"3.11.0\",\"resolution\":\"C:\\\\Users\\\\danyo\\\\OneDrive\\\\Desktop\\\\kimeltu\\\\functions\\\\node_modules\\\\firebase-functions\\\\lib\\\\index.js\"}}"}}
[debug] [2020-08-22T08:34:48.805Z] [runtime-status] [16876] Resolved module firebase-functions {"declared":true,"installed":true,"version":"3.11.0","resolution":"C:\\Users\\danyo\\OneDrive\\Desktop\\kimeltu\\functions\\node_modules\\firebase-functions\\lib\\index.js"} {"metadata":{"emulator":{"name":"functions"},"message":"[runtime-status] [16876] Resolved module firebase-functions {\"declared\":true,\"installed\":true,\"version\":\"3.11.0\",\"resolution\":\"C:\\\\Users\\\\danyo\\\\OneDrive\\\\Desktop\\\\kimeltu\\\\functions\\\\node_modules\\\\firebase-functions\\\\lib\\\\index.js\"}"}}
[debug] [2020-08-22T08:34:48.806Z] [runtime-status] [16876] Resolved module firebase-admin {"declared":true,"installed":true,"version":"8.13.0","resolution":"C:\\Users\\danyo\\OneDrive\\Desktop\\kimeltu\\functions\\node_modules\\firebase-admin\\lib\\index.js"} {"metadata":{"emulator":{"name":"functions"},"message":"[runtime-status] [16876] Resolved module firebase-admin {\"declared\":true,\"installed\":true,\"version\":\"8.13.0\",\"resolution\":\"C:\\\\Users\\\\danyo\\\\OneDrive\\\\Desktop\\\\kimeltu\\\\functions\\\\node_modules\\\\firebase-admin\\\\lib\\\\index.js\"}"}}
[debug] [2020-08-22T08:34:48.807Z] [runtime-status] [16876] Resolved module firebase-functions {"declared":true,"installed":true,"version":"3.11.0","resolution":"C:\\Users\\danyo\\OneDrive\\Desktop\\kimeltu\\functions\\node_modules\\firebase-functions\\lib\\index.js"} {"metadata":{"emulator":{"name":"functions"},"message":"[runtime-status] [16876] Resolved module firebase-functions {\"declared\":true,\"installed\":true,\"version\":\"3.11.0\",\"resolution\":\"C:\\\\Users\\\\danyo\\\\OneDrive\\\\Desktop\\\\kimeltu\\\\functions\\\\node_modules\\\\firebase-functions\\\\lib\\\\index.js\"}"}}
[debug] [2020-08-22T08:34:48.807Z] [runtime-status] [16876] firebase-admin has been stubbed. {"adminResolution":{"declared":true,"installed":true,"version":"8.13.0","resolution":"C:\\Users\\danyo\\OneDrive\\Desktop\\kimeltu\\functions\\node_modules\\firebase-admin\\lib\\index.js"}} {"metadata":{"emulator":{"name":"functions"},"message":"[runtime-status] [16876] firebase-admin has been stubbed. {\"adminResolution\":{\"declared\":true,\"installed\":true,\"version\":\"8.13.0\",\"resolution\":\"C:\\\\Users\\\\danyo\\\\OneDrive\\\\Desktop\\\\kimeltu\\\\functions\\\\node_modules\\\\firebase-admin\\\\lib\\\\index.js\"}}"}}
[debug] [2020-08-22T08:34:48.931Z] [runtime-status] [16876] initializeApp(DEFAULT) {"databaseURL":"https://kimeltu-88856.firebaseio.com","storageBucket":"kimeltu-88856.appspot.com","projectId":"kimeltu-88856"} {"metadata":{"emulator":{"name":"functions"},"message":"[runtime-status] [16876] initializeApp(DEFAULT) {\"databaseURL\":\"https://kimeltu-88856.firebaseio.com\",\"storageBucket\":\"kimeltu-88856.appspot.com\",\"projectId\":\"kimeltu-88856\"}"}}
[warn] !  functions: The Cloud Firestore emulator is not running, so calls to Firestore will affect production. {"metadata":{"emulator":{"name":"functions"},"message":"The Cloud Firestore emulator is not running, so calls to Firestore will affect production."}}
[warn] !  Error: Cannot find module './handlers/user'
Require stack:
- C:\Users\danyo\OneDrive\Desktop\kimeltu\functions\index.js
- C:\Users\danyo\AppData\Roaming\npm\node_modules\firebase-tools\lib\emulator\functionsEmulatorRuntime.js
    at Function.Module._resolveFilename (internal/modules/cjs/loader.js:965:15)
    at Function.Module._load (internal/modules/cjs/loader.js:841:27)
    at Module.require (internal/modules/cjs/loader.js:1025:19)
    at require (internal/modules/cjs/helpers.js:72:18)
    at Object.<anonymous> (C:\Users\danyo\OneDrive\Desktop\kimeltu\functions\index.js:9:16)
    at Module._compile (internal/modules/cjs/loader.js:1137:30)
    at Object.Module._extensions..js (internal/modules/cjs/loader.js:1157:10)
    at Module.load (internal/modules/cjs/loader.js:985:32)
    at Function.Module._load (internal/modules/cjs/loader.js:878:14)
    at Module.require (internal/modules/cjs/loader.js:1025:19) {"metadata":{"emulator":{"name":"functions"},"message":"Error: Cannot find module './handlers/user'\nRequire stack:\n- C:\\Users\\danyo\\OneDrive\\Desktop\\kimeltu\\functions\\index.js\n- C:\\Users\\danyo\\AppData\\Roaming\\npm\\node_modules\\firebase-tools\\lib\\emulator\\functionsEmulatorRuntime.js\n    at Function.Module._resolveFilename (internal/modules/cjs/loader.js:965:15)\n    at Function.Module._load (internal/modules/cjs/loader.js:841:27)\n    at Module.require (internal/modules/cjs/loader.js:1025:19)\n    at require (internal/modules/cjs/helpers.js:72:18)\n    at Object.<anonymous> (C:\\Users\\danyo\\OneDrive\\Desktop\\kimeltu\\functions\\index.js:9:16)\n    at Module._compile (internal/modules/cjs/loader.js:1137:30)\n    at Object.Module._extensions..js (internal/modules/cjs/loader.js:1157:10)\n    at Module.load (internal/modules/cjs/loader.js:985:32)\n    at Function.Module._load (internal/modules/cjs/loader.js:878:14)\n    at Module.require (internal/modules/cjs/loader.js:1025:19)"}}
[warn] !  We were unable to load your functions code. (see above) {"metadata":{"emulator":{"name":"functions"}}}
[debug] [2020-08-22T08:34:49.291Z] [worker-~diagnostic~-13465718-6e54-4f50-b3bb-e21eb415da2e]: exited {"metadata":{"emulator":{"name":"functions"},"message":"[worker-~diagnostic~-13465718-6e54-4f50-b3bb-e21eb415da2e]: exited"}}
[debug] [2020-08-22T08:34:49.291Z] [worker-~diagnostic~-13465718-6e54-4f50-b3bb-e21eb415da2e]: FINISHED {"metadata":{"emulator":{"name":"functions"},"message":"[worker-~diagnostic~-13465718-6e54-4f50-b3bb-e21eb415da2e]: FINISHED"}}
