[debug] [2020-08-22T08:36:32.414Z] ----------------------------------------------------------------------
[debug] [2020-08-22T08:36:32.415Z] Command:       C:\Program Files\nodejs\node.exe C:\Users\danyo\AppData\Roaming\npm\node_modules\firebase-tools\lib\bin\firebase.js serve
[debug] [2020-08-22T08:36:32.416Z] CLI Version:   8.9.0
[debug] [2020-08-22T08:36:32.416Z] Platform:      win32
[debug] [2020-08-22T08:36:32.416Z] Node Version:  v12.18.3
[debug] [2020-08-22T08:36:32.416Z] Time:          Sat Aug 22 2020 04:36:32 GMT-0400 (GMT-04:00)
[debug] [2020-08-22T08:36:32.416Z] ----------------------------------------------------------------------
[debug] [2020-08-22T08:36:32.417Z] 
[debug] [2020-08-22T08:36:32.423Z] > command requires scopes: ["email","openid","https://www.googleapis.com/auth/cloudplatformprojects.readonly","https://www.googleapis.com/auth/firebase","https://www.googleapis.com/auth/cloud-platform"]
[debug] [2020-08-22T08:36:32.424Z] > authorizing via signed-in user
[debug] [2020-08-22T08:36:32.424Z] [iam] checking project kimeltu-88856 for permissions ["firebase.projects.get"]
[debug] [2020-08-22T08:36:32.427Z] >>> HTTP REQUEST POST https://cloudresourcemanager.googleapis.com/v1/projects/kimeltu-88856:testIamPermissions  
 {"permissions":["firebase.projects.get"]}
[debug] [2020-08-22T08:36:33.479Z] <<< HTTP RESPONSE 200 {"content-type":"application/json; charset=UTF-8","vary":"X-Origin, Referer, Origin,Accept-Encoding","date":"Sat, 22 Aug 2020 08:36:33 GMT","server":"ESF","cache-control":"private","x-xss-protection":"0","x-frame-options":"SAMEORIGIN","x-content-type-options":"nosniff","server-timing":"gfet4t7; dur=837","alt-svc":"h3-29=\":443\"; ma=2592000,h3-27=\":443\"; ma=2592000,h3-T050=\":443\"; ma=2592000,h3-Q050=\":443\"; ma=2592000,h3-Q046=\":443\"; ma=2592000,h3-Q043=\":443\"; ma=2592000,quic=\":443\"; ma=2592000; v=\"46,43\"","accept-ranges":"none","transfer-encoding":"chunked"}
[debug] [2020-08-22T08:36:33.480Z] >>> HTTP REQUEST GET https://firebase.googleapis.com/v1beta1/projects/kimeltu-88856  
 
[debug] [2020-08-22T08:36:34.568Z] <<< HTTP RESPONSE 200 {"content-type":"application/json; charset=UTF-8","vary":"X-Origin, Referer, Origin,Accept-Encoding","date":"Sat, 22 Aug 2020 08:36:34 GMT","server":"ESF","cache-control":"private","x-xss-protection":"0","x-frame-options":"SAMEORIGIN","x-content-type-options":"nosniff","alt-svc":"h3-29=\":443\"; ma=2592000,h3-27=\":443\"; ma=2592000,h3-T050=\":443\"; ma=2592000,h3-Q050=\":443\"; ma=2592000,h3-Q046=\":443\"; ma=2592000,h3-Q043=\":443\"; ma=2592000,quic=\":443\"; ma=2592000; v=\"46,43\"","accept-ranges":"none","transfer-encoding":"chunked"}
[info] 
[info] === Serving from 'C:\Users\danyo\OneDrive\Desktop\kimeltu'...
[info] 
[warn] !  Your requested "node" version "8" doesn't match your global version "12" {"metadata":{"emulator":{"name":"functions"},"message":"Your requested \"node\" version \"8\" doesn't match your global version \"12\""}}
[info] i  functions: Watching "C:\Users\danyo\OneDrive\Desktop\kimeltu\functions" for Cloud Functions... {"metadata":{"emulator":{"name":"functions"},"message":"Watching \"C:\\Users\\danyo\\OneDrive\\Desktop\\kimeltu\\functions\" for Cloud Functions..."}}
[debug] [2020-08-22T08:36:36.602Z] [worker-pool] addWorker(~diagnostic~) {"metadata":{"emulator":{"name":"functions"},"message":"[worker-pool] addWorker(~diagnostic~)"}}
[debug] [2020-08-22T08:36:36.603Z] [worker-pool] Adding worker with key ~diagnostic~, total=1 {"metadata":{"emulator":{"name":"functions"},"message":"[worker-pool] Adding worker with key ~diagnostic~, total=1"}}
[debug] [2020-08-22T08:36:36.603Z] [worker-pool] submitWork(triggerId=) {"metadata":{"emulator":{"name":"functions"},"message":"[worker-pool] submitWork(triggerId=)"}}
[debug] [2020-08-22T08:36:36.603Z] [worker-~diagnostic~-772fdf48-8fd0-4264-99aa-c2c9d14f767d]: Assigning socketPath: \\?\pipe\C:\Users\danyo\OneDrive\Desktop\kimeltu\functions\11328 {"metadata":{"emulator":{"name":"functions"},"message":"[worker-~diagnostic~-772fdf48-8fd0-4264-99aa-c2c9d14f767d]: Assigning socketPath: \\\\?\\pipe\\C:\\Users\\danyo\\OneDrive\\Desktop\\kimeltu\\functions\\11328"}}
[debug] [2020-08-22T08:36:36.604Z] [worker-~diagnostic~-772fdf48-8fd0-4264-99aa-c2c9d14f767d]: BUSY {"metadata":{"emulator":{"name":"functions"},"message":"[worker-~diagnostic~-772fdf48-8fd0-4264-99aa-c2c9d14f767d]: BUSY"}}
[debug] [2020-08-22T08:36:37.032Z] [runtime-status] [11328] Functions runtime initialized. {"cwd":"C:\\Users\\danyo\\OneDrive\\Desktop\\kimeltu\\functions","node_version":"12.18.3"} {"metadata":{"emulator":{"name":"functions"},"message":"[runtime-status] [11328] Functions runtime initialized. {\"cwd\":\"C:\\\\Users\\\\danyo\\\\OneDrive\\\\Desktop\\\\kimeltu\\\\functions\",\"node_version\":\"12.18.3\"}"}}
[debug] [2020-08-22T08:36:37.033Z] [runtime-status] [11328] Disabled runtime features: undefined {"metadata":{"emulator":{"name":"functions"},"message":"[runtime-status] [11328] Disabled runtime features: undefined"}}
[debug] [2020-08-22T08:36:37.039Z] [runtime-status] [11328] Resolved module firebase-admin {"declared":true,"installed":true,"version":"8.13.0","resolution":"C:\\Users\\danyo\\OneDrive\\Desktop\\kimeltu\\functions\\node_modules\\firebase-admin\\lib\\index.js"} {"metadata":{"emulator":{"name":"functions"},"message":"[runtime-status] [11328] Resolved module firebase-admin {\"declared\":true,\"installed\":true,\"version\":\"8.13.0\",\"resolution\":\"C:\\\\Users\\\\danyo\\\\OneDrive\\\\Desktop\\\\kimeltu\\\\functions\\\\node_modules\\\\firebase-admin\\\\lib\\\\index.js\"}"}}
[debug] [2020-08-22T08:36:37.041Z] [runtime-status] [11328] Resolved module firebase-functions {"declared":true,"installed":true,"version":"3.11.0","resolution":"C:\\Users\\danyo\\OneDrive\\Desktop\\kimeltu\\functions\\node_modules\\firebase-functions\\lib\\index.js"} {"metadata":{"emulator":{"name":"functions"},"message":"[runtime-status] [11328] Resolved module firebase-functions {\"declared\":true,\"installed\":true,\"version\":\"3.11.0\",\"resolution\":\"C:\\\\Users\\\\danyo\\\\OneDrive\\\\Desktop\\\\kimeltu\\\\functions\\\\node_modules\\\\firebase-functions\\\\lib\\\\index.js\"}"}}
[debug] [2020-08-22T08:36:37.042Z] [runtime-status] [11328] Resolved module firebase-functions {"declared":true,"installed":true,"version":"3.11.0","resolution":"C:\\Users\\danyo\\OneDrive\\Desktop\\kimeltu\\functions\\node_modules\\firebase-functions\\lib\\index.js"} {"metadata":{"emulator":{"name":"functions"},"message":"[runtime-status] [11328] Resolved module firebase-functions {\"declared\":true,\"installed\":true,\"version\":\"3.11.0\",\"resolution\":\"C:\\\\Users\\\\danyo\\\\OneDrive\\\\Desktop\\\\kimeltu\\\\functions\\\\node_modules\\\\firebase-functions\\\\lib\\\\index.js\"}"}}
[debug] [2020-08-22T08:36:37.043Z] [runtime-status] [11328] Outgoing network have been stubbed. [{"name":"http","status":"mocked"},{"name":"http","status":"mocked"},{"name":"https","status":"mocked"},{"name":"https","status":"mocked"},{"name":"net","status":"mocked"}] {"metadata":{"emulator":{"name":"functions"},"message":"[runtime-status] [11328] Outgoing network have been stubbed. [{\"name\":\"http\",\"status\":\"mocked\"},{\"name\":\"http\",\"status\":\"mocked\"},{\"name\":\"https\",\"status\":\"mocked\"},{\"name\":\"https\",\"status\":\"mocked\"},{\"name\":\"net\",\"status\":\"mocked\"}]"}}
[debug] [2020-08-22T08:36:37.043Z] [runtime-status] [11328] Resolved module firebase-functions {"declared":true,"installed":true,"version":"3.11.0","resolution":"C:\\Users\\danyo\\OneDrive\\Desktop\\kimeltu\\functions\\node_modules\\firebase-functions\\lib\\index.js"} {"metadata":{"emulator":{"name":"functions"},"message":"[runtime-status] [11328] Resolved module firebase-functions {\"declared\":true,\"installed\":true,\"version\":\"3.11.0\",\"resolution\":\"C:\\\\Users\\\\danyo\\\\OneDrive\\\\Desktop\\\\kimeltu\\\\functions\\\\node_modules\\\\firebase-functions\\\\lib\\\\index.js\"}"}}
[debug] [2020-08-22T08:36:37.086Z] [runtime-status] [11328] Checked functions.config() {"config":{}} {"metadata":{"emulator":{"name":"functions"},"message":"[runtime-status] [11328] Checked functions.config() {\"config\":{}}"}}
[debug] [2020-08-22T08:36:37.086Z] [runtime-status] [11328] firebase-functions has been stubbed. {"functionsResolution":{"declared":true,"installed":true,"version":"3.11.0","resolution":"C:\\Users\\danyo\\OneDrive\\Desktop\\kimeltu\\functions\\node_modules\\firebase-functions\\lib\\index.js"}} {"metadata":{"emulator":{"name":"functions"},"message":"[runtime-status] [11328] firebase-functions has been stubbed. {\"functionsResolution\":{\"declared\":true,\"installed\":true,\"version\":\"3.11.0\",\"resolution\":\"C:\\\\Users\\\\danyo\\\\OneDrive\\\\Desktop\\\\kimeltu\\\\functions\\\\node_modules\\\\firebase-functions\\\\lib\\\\index.js\"}}"}}
[debug] [2020-08-22T08:36:37.087Z] [runtime-status] [11328] Resolved module firebase-functions {"declared":true,"installed":true,"version":"3.11.0","resolution":"C:\\Users\\danyo\\OneDrive\\Desktop\\kimeltu\\functions\\node_modules\\firebase-functions\\lib\\index.js"} {"metadata":{"emulator":{"name":"functions"},"message":"[runtime-status] [11328] Resolved module firebase-functions {\"declared\":true,\"installed\":true,\"version\":\"3.11.0\",\"resolution\":\"C:\\\\Users\\\\danyo\\\\OneDrive\\\\Desktop\\\\kimeltu\\\\functions\\\\node_modules\\\\firebase-functions\\\\lib\\\\index.js\"}"}}
[debug] [2020-08-22T08:36:37.088Z] [runtime-status] [11328] Resolved module firebase-admin {"declared":true,"installed":true,"version":"8.13.0","resolution":"C:\\Users\\danyo\\OneDrive\\Desktop\\kimeltu\\functions\\node_modules\\firebase-admin\\lib\\index.js"} {"metadata":{"emulator":{"name":"functions"},"message":"[runtime-status] [11328] Resolved module firebase-admin {\"declared\":true,\"installed\":true,\"version\":\"8.13.0\",\"resolution\":\"C:\\\\Users\\\\danyo\\\\OneDrive\\\\Desktop\\\\kimeltu\\\\functions\\\\node_modules\\\\firebase-admin\\\\lib\\\\index.js\"}"}}
[debug] [2020-08-22T08:36:37.088Z] [runtime-status] [11328] Resolved module firebase-functions {"declared":true,"installed":true,"version":"3.11.0","resolution":"C:\\Users\\danyo\\OneDrive\\Desktop\\kimeltu\\functions\\node_modules\\firebase-functions\\lib\\index.js"} {"metadata":{"emulator":{"name":"functions"},"message":"[runtime-status] [11328] Resolved module firebase-functions {\"declared\":true,\"installed\":true,\"version\":\"3.11.0\",\"resolution\":\"C:\\\\Users\\\\danyo\\\\OneDrive\\\\Desktop\\\\kimeltu\\\\functions\\\\node_modules\\\\firebase-functions\\\\lib\\\\index.js\"}"}}
[debug] [2020-08-22T08:36:37.088Z] [runtime-status] [11328] firebase-admin has been stubbed. {"adminResolution":{"declared":true,"installed":true,"version":"8.13.0","resolution":"C:\\Users\\danyo\\OneDrive\\Desktop\\kimeltu\\functions\\node_modules\\firebase-admin\\lib\\index.js"}} {"metadata":{"emulator":{"name":"functions"},"message":"[runtime-status] [11328] firebase-admin has been stubbed. {\"adminResolution\":{\"declared\":true,\"installed\":true,\"version\":\"8.13.0\",\"resolution\":\"C:\\\\Users\\\\danyo\\\\OneDrive\\\\Desktop\\\\kimeltu\\\\functions\\\\node_modules\\\\firebase-admin\\\\lib\\\\index.js\"}}"}}
[debug] [2020-08-22T08:36:37.210Z] [runtime-status] [11328] initializeApp(DEFAULT) {"databaseURL":"https://kimeltu-88856.firebaseio.com","storageBucket":"kimeltu-88856.appspot.com","projectId":"kimeltu-88856"} {"metadata":{"emulator":{"name":"functions"},"message":"[runtime-status] [11328] initializeApp(DEFAULT) {\"databaseURL\":\"https://kimeltu-88856.firebaseio.com\",\"storageBucket\":\"kimeltu-88856.appspot.com\",\"projectId\":\"kimeltu-88856\"}"}}
[warn] !  functions: The Cloud Firestore emulator is not running, so calls to Firestore will affect production. {"metadata":{"emulator":{"name":"functions"},"message":"The Cloud Firestore emulator is not running, so calls to Firestore will affect production."}}
[warn] !  Error: Cannot find module './handlers/user'
Require stack:
- C:\Users\danyo\OneDrive\Desktop\kimeltu\functions\index.js
- C:\Users\danyo\AppData\Roaming\npm\node_modules\firebase-tools\lib\emulator\functionsEmulatorRuntime.js
    at Function.Module._resolveFilename (internal/modules/cjs/loader.js:965:15)
    at Function.Module._load (internal/modules/cjs/loader.js:841:27)
    at Module.require (internal/modules/cjs/loader.js:1025:19)
    at require (internal/modules/cjs/helpers.js:72:18)
    at Object.<anonymous> (C:\Users\danyo\OneDrive\Desktop\kimeltu\functions\index.js:9:16)
    at Module._compile (internal/modules/cjs/loader.js:1137:30)
    at Object.Module._extensions..js (internal/modules/cjs/loader.js:1157:10)
    at Module.load (internal/modules/cjs/loader.js:985:32)
    at Function.Module._load (internal/modules/cjs/loader.js:878:14)
    at Module.require (internal/modules/cjs/loader.js:1025:19) {"metadata":{"emulator":{"name":"functions"},"message":"Error: Cannot find module './handlers/user'\nRequire stack:\n- C:\\Users\\danyo\\OneDrive\\Desktop\\kimeltu\\functions\\index.js\n- C:\\Users\\danyo\\AppData\\Roaming\\npm\\node_modules\\firebase-tools\\lib\\emulator\\functionsEmulatorRuntime.js\n    at Function.Module._resolveFilename (internal/modules/cjs/loader.js:965:15)\n    at Function.Module._load (internal/modules/cjs/loader.js:841:27)\n    at Module.require (internal/modules/cjs/loader.js:1025:19)\n    at require (internal/modules/cjs/helpers.js:72:18)\n    at Object.<anonymous> (C:\\Users\\danyo\\OneDrive\\Desktop\\kimeltu\\functions\\index.js:9:16)\n    at Module._compile (internal/modules/cjs/loader.js:1137:30)\n    at Object.Module._extensions..js (internal/modules/cjs/loader.js:1157:10)\n    at Module.load (internal/modules/cjs/loader.js:985:32)\n    at Function.Module._load (internal/modules/cjs/loader.js:878:14)\n    at Module.require (internal/modules/cjs/loader.js:1025:19)"}}
[warn] !  We were unable to load your functions code. (see above) {"metadata":{"emulator":{"name":"functions"}}}
[debug] [2020-08-22T08:36:37.605Z] [worker-~diagnostic~-772fdf48-8fd0-4264-99aa-c2c9d14f767d]: exited {"metadata":{"emulator":{"name":"functions"},"message":"[worker-~diagnostic~-772fdf48-8fd0-4264-99aa-c2c9d14f767d]: exited"}}
[debug] [2020-08-22T08:36:37.605Z] [worker-~diagnostic~-772fdf48-8fd0-4264-99aa-c2c9d14f767d]: FINISHED {"metadata":{"emulator":{"name":"functions"},"message":"[worker-~diagnostic~-772fdf48-8fd0-4264-99aa-c2c9d14f767d]: FINISHED"}}
[debug] [2020-08-22T08:37:33.243Z] File C:\Users\danyo\OneDrive\Desktop\kimeltu\functions\handlers\users.js changed, reloading triggers {"metadata":{"emulator":{"name":"functions"},"message":"File C:\\Users\\danyo\\OneDrive\\Desktop\\kimeltu\\functions\\handlers\\users.js changed, reloading triggers"}}
[debug] [2020-08-22T08:37:34.246Z] [worker-pool] Cleaned up workers for ~diagnostic~: 1 --> 0 {"metadata":{"emulator":{"name":"functions"},"message":"[worker-pool] Cleaned up workers for ~diagnostic~: 1 --> 0"}}
[debug] [2020-08-22T08:37:34.252Z] [worker-pool] addWorker(~diagnostic~) {"metadata":{"emulator":{"name":"functions"},"message":"[worker-pool] addWorker(~diagnostic~)"}}
[debug] [2020-08-22T08:37:34.252Z] [worker-pool] Adding worker with key ~diagnostic~, total=1 {"metadata":{"emulator":{"name":"functions"},"message":"[worker-pool] Adding worker with key ~diagnostic~, total=1"}}
[debug] [2020-08-22T08:37:34.252Z] [worker-pool] submitWork(triggerId=) {"metadata":{"emulator":{"name":"functions"},"message":"[worker-pool] submitWork(triggerId=)"}}
[debug] [2020-08-22T08:37:34.252Z] [worker-~diagnostic~-8264f9dc-e8b2-4232-9f1d-073be4c39427]: Assigning socketPath: \\?\pipe\C:\Users\danyo\OneDrive\Desktop\kimeltu\functions\14184 {"metadata":{"emulator":{"name":"functions"},"message":"[worker-~diagnostic~-8264f9dc-e8b2-4232-9f1d-073be4c39427]: Assigning socketPath: \\\\?\\pipe\\C:\\Users\\danyo\\OneDrive\\Desktop\\kimeltu\\functions\\14184"}}
[debug] [2020-08-22T08:37:34.253Z] [worker-~diagnostic~-8264f9dc-e8b2-4232-9f1d-073be4c39427]: BUSY {"metadata":{"emulator":{"name":"functions"},"message":"[worker-~diagnostic~-8264f9dc-e8b2-4232-9f1d-073be4c39427]: BUSY"}}
[debug] [2020-08-22T08:37:34.785Z] [runtime-status] [14184] Functions runtime initialized. {"cwd":"C:\\Users\\danyo\\OneDrive\\Desktop\\kimeltu\\functions","node_version":"12.18.3"} {"metadata":{"emulator":{"name":"functions"},"message":"[runtime-status] [14184] Functions runtime initialized. {\"cwd\":\"C:\\\\Users\\\\danyo\\\\OneDrive\\\\Desktop\\\\kimeltu\\\\functions\",\"node_version\":\"12.18.3\"}"}}
[debug] [2020-08-22T08:37:34.787Z] [runtime-status] [14184] Disabled runtime features: undefined {"metadata":{"emulator":{"name":"functions"},"message":"[runtime-status] [14184] Disabled runtime features: undefined"}}
[debug] [2020-08-22T08:37:34.797Z] [runtime-status] [14184] Resolved module firebase-admin {"declared":true,"installed":true,"version":"8.13.0","resolution":"C:\\Users\\danyo\\OneDrive\\Desktop\\kimeltu\\functions\\node_modules\\firebase-admin\\lib\\index.js"} {"metadata":{"emulator":{"name":"functions"},"message":"[runtime-status] [14184] Resolved module firebase-admin {\"declared\":true,\"installed\":true,\"version\":\"8.13.0\",\"resolution\":\"C:\\\\Users\\\\danyo\\\\OneDrive\\\\Desktop\\\\kimeltu\\\\functions\\\\node_modules\\\\firebase-admin\\\\lib\\\\index.js\"}"}}
[debug] [2020-08-22T08:37:34.799Z] [runtime-status] [14184] Resolved module firebase-functions {"declared":true,"installed":true,"version":"3.11.0","resolution":"C:\\Users\\danyo\\OneDrive\\Desktop\\kimeltu\\functions\\node_modules\\firebase-functions\\lib\\index.js"} {"metadata":{"emulator":{"name":"functions"},"message":"[runtime-status] [14184] Resolved module firebase-functions {\"declared\":true,\"installed\":true,\"version\":\"3.11.0\",\"resolution\":\"C:\\\\Users\\\\danyo\\\\OneDrive\\\\Desktop\\\\kimeltu\\\\functions\\\\node_modules\\\\firebase-functions\\\\lib\\\\index.js\"}"}}
[debug] [2020-08-22T08:37:34.800Z] [runtime-status] [14184] Resolved module firebase-functions {"declared":true,"installed":true,"version":"3.11.0","resolution":"C:\\Users\\danyo\\OneDrive\\Desktop\\kimeltu\\functions\\node_modules\\firebase-functions\\lib\\index.js"} {"metadata":{"emulator":{"name":"functions"},"message":"[runtime-status] [14184] Resolved module firebase-functions {\"declared\":true,\"installed\":true,\"version\":\"3.11.0\",\"resolution\":\"C:\\\\Users\\\\danyo\\\\OneDrive\\\\Desktop\\\\kimeltu\\\\functions\\\\node_modules\\\\firebase-functions\\\\lib\\\\index.js\"}"}}
[debug] [2020-08-22T08:37:34.801Z] [runtime-status] [14184] Outgoing network have been stubbed. [{"name":"http","status":"mocked"},{"name":"http","status":"mocked"},{"name":"https","status":"mocked"},{"name":"https","status":"mocked"},{"name":"net","status":"mocked"}] {"metadata":{"emulator":{"name":"functions"},"message":"[runtime-status] [14184] Outgoing network have been stubbed. [{\"name\":\"http\",\"status\":\"mocked\"},{\"name\":\"http\",\"status\":\"mocked\"},{\"name\":\"https\",\"status\":\"mocked\"},{\"name\":\"https\",\"status\":\"mocked\"},{\"name\":\"net\",\"status\":\"mocked\"}]"}}
[debug] [2020-08-22T08:37:34.802Z] [runtime-status] [14184] Resolved module firebase-functions {"declared":true,"installed":true,"version":"3.11.0","resolution":"C:\\Users\\danyo\\OneDrive\\Desktop\\kimeltu\\functions\\node_modules\\firebase-functions\\lib\\index.js"} {"metadata":{"emulator":{"name":"functions"},"message":"[runtime-status] [14184] Resolved module firebase-functions {\"declared\":true,\"installed\":true,\"version\":\"3.11.0\",\"resolution\":\"C:\\\\Users\\\\danyo\\\\OneDrive\\\\Desktop\\\\kimeltu\\\\functions\\\\node_modules\\\\firebase-functions\\\\lib\\\\index.js\"}"}}
[debug] [2020-08-22T08:37:34.849Z] [runtime-status] [14184] Checked functions.config() {"config":{}} {"metadata":{"emulator":{"name":"functions"},"message":"[runtime-status] [14184] Checked functions.config() {\"config\":{}}"}}
[debug] [2020-08-22T08:37:34.850Z] [runtime-status] [14184] firebase-functions has been stubbed. {"functionsResolution":{"declared":true,"installed":true,"version":"3.11.0","resolution":"C:\\Users\\danyo\\OneDrive\\Desktop\\kimeltu\\functions\\node_modules\\firebase-functions\\lib\\index.js"}} {"metadata":{"emulator":{"name":"functions"},"message":"[runtime-status] [14184] firebase-functions has been stubbed. {\"functionsResolution\":{\"declared\":true,\"installed\":true,\"version\":\"3.11.0\",\"resolution\":\"C:\\\\Users\\\\danyo\\\\OneDrive\\\\Desktop\\\\kimeltu\\\\functions\\\\node_modules\\\\firebase-functions\\\\lib\\\\index.js\"}}"}}
[debug] [2020-08-22T08:37:34.850Z] [runtime-status] [14184] Resolved module firebase-functions {"declared":true,"installed":true,"version":"3.11.0","resolution":"C:\\Users\\danyo\\OneDrive\\Desktop\\kimeltu\\functions\\node_modules\\firebase-functions\\lib\\index.js"} {"metadata":{"emulator":{"name":"functions"},"message":"[runtime-status] [14184] Resolved module firebase-functions {\"declared\":true,\"installed\":true,\"version\":\"3.11.0\",\"resolution\":\"C:\\\\Users\\\\danyo\\\\OneDrive\\\\Desktop\\\\kimeltu\\\\functions\\\\node_modules\\\\firebase-functions\\\\lib\\\\index.js\"}"}}
[debug] [2020-08-22T08:37:34.851Z] [runtime-status] [14184] Resolved module firebase-admin {"declared":true,"installed":true,"version":"8.13.0","resolution":"C:\\Users\\danyo\\OneDrive\\Desktop\\kimeltu\\functions\\node_modules\\firebase-admin\\lib\\index.js"} {"metadata":{"emulator":{"name":"functions"},"message":"[runtime-status] [14184] Resolved module firebase-admin {\"declared\":true,\"installed\":true,\"version\":\"8.13.0\",\"resolution\":\"C:\\\\Users\\\\danyo\\\\OneDrive\\\\Desktop\\\\kimeltu\\\\functions\\\\node_modules\\\\firebase-admin\\\\lib\\\\index.js\"}"}}
[debug] [2020-08-22T08:37:34.852Z] [runtime-status] [14184] Resolved module firebase-functions {"declared":true,"installed":true,"version":"3.11.0","resolution":"C:\\Users\\danyo\\OneDrive\\Desktop\\kimeltu\\functions\\node_modules\\firebase-functions\\lib\\index.js"} {"metadata":{"emulator":{"name":"functions"},"message":"[runtime-status] [14184] Resolved module firebase-functions {\"declared\":true,\"installed\":true,\"version\":\"3.11.0\",\"resolution\":\"C:\\\\Users\\\\danyo\\\\OneDrive\\\\Desktop\\\\kimeltu\\\\functions\\\\node_modules\\\\firebase-functions\\\\lib\\\\index.js\"}"}}
[debug] [2020-08-22T08:37:34.852Z] [runtime-status] [14184] firebase-admin has been stubbed. {"adminResolution":{"declared":true,"installed":true,"version":"8.13.0","resolution":"C:\\Users\\danyo\\OneDrive\\Desktop\\kimeltu\\functions\\node_modules\\firebase-admin\\lib\\index.js"}} {"metadata":{"emulator":{"name":"functions"},"message":"[runtime-status] [14184] firebase-admin has been stubbed. {\"adminResolution\":{\"declared\":true,\"installed\":true,\"version\":\"8.13.0\",\"resolution\":\"C:\\\\Users\\\\danyo\\\\OneDrive\\\\Desktop\\\\kimeltu\\\\functions\\\\node_modules\\\\firebase-admin\\\\lib\\\\index.js\"}}"}}
[debug] [2020-08-22T08:37:34.988Z] [runtime-status] [14184] initializeApp(DEFAULT) {"databaseURL":"https://kimeltu-88856.firebaseio.com","storageBucket":"kimeltu-88856.appspot.com","projectId":"kimeltu-88856"} {"metadata":{"emulator":{"name":"functions"},"message":"[runtime-status] [14184] initializeApp(DEFAULT) {\"databaseURL\":\"https://kimeltu-88856.firebaseio.com\",\"storageBucket\":\"kimeltu-88856.appspot.com\",\"projectId\":\"kimeltu-88856\"}"}}
[warn] !  functions: The Cloud Firestore emulator is not running, so calls to Firestore will affect production. {"metadata":{"emulator":{"name":"functions"},"message":"The Cloud Firestore emulator is not running, so calls to Firestore will affect production."}}
[warn] !  Error: Cannot find module './handlers/user'
Require stack:
- C:\Users\danyo\OneDrive\Desktop\kimeltu\functions\index.js
- C:\Users\danyo\AppData\Roaming\npm\node_modules\firebase-tools\lib\emulator\functionsEmulatorRuntime.js
    at Function.Module._resolveFilename (internal/modules/cjs/loader.js:965:15)
    at Function.Module._load (internal/modules/cjs/loader.js:841:27)
    at Module.require (internal/modules/cjs/loader.js:1025:19)
    at require (internal/modules/cjs/helpers.js:72:18)
    at Object.<anonymous> (C:\Users\danyo\OneDrive\Desktop\kimeltu\functions\index.js:9:16)
    at Module._compile (internal/modules/cjs/loader.js:1137:30)
    at Object.Module._extensions..js (internal/modules/cjs/loader.js:1157:10)
    at Module.load (internal/modules/cjs/loader.js:985:32)
    at Function.Module._load (internal/modules/cjs/loader.js:878:14)
    at Module.require (internal/modules/cjs/loader.js:1025:19) {"metadata":{"emulator":{"name":"functions"},"message":"Error: Cannot find module './handlers/user'\nRequire stack:\n- C:\\Users\\danyo\\OneDrive\\Desktop\\kimeltu\\functions\\index.js\n- C:\\Users\\danyo\\AppData\\Roaming\\npm\\node_modules\\firebase-tools\\lib\\emulator\\functionsEmulatorRuntime.js\n    at Function.Module._resolveFilename (internal/modules/cjs/loader.js:965:15)\n    at Function.Module._load (internal/modules/cjs/loader.js:841:27)\n    at Module.require (internal/modules/cjs/loader.js:1025:19)\n    at require (internal/modules/cjs/helpers.js:72:18)\n    at Object.<anonymous> (C:\\Users\\danyo\\OneDrive\\Desktop\\kimeltu\\functions\\index.js:9:16)\n    at Module._compile (internal/modules/cjs/loader.js:1137:30)\n    at Object.Module._extensions..js (internal/modules/cjs/loader.js:1157:10)\n    at Module.load (internal/modules/cjs/loader.js:985:32)\n    at Function.Module._load (internal/modules/cjs/loader.js:878:14)\n    at Module.require (internal/modules/cjs/loader.js:1025:19)"}}
[warn] !  We were unable to load your functions code. (see above) {"metadata":{"emulator":{"name":"functions"}}}
[debug] [2020-08-22T08:37:35.364Z] [worker-~diagnostic~-8264f9dc-e8b2-4232-9f1d-073be4c39427]: exited {"metadata":{"emulator":{"name":"functions"},"message":"[worker-~diagnostic~-8264f9dc-e8b2-4232-9f1d-073be4c39427]: exited"}}
[debug] [2020-08-22T08:37:35.364Z] [worker-~diagnostic~-8264f9dc-e8b2-4232-9f1d-073be4c39427]: FINISHED {"metadata":{"emulator":{"name":"functions"},"message":"[worker-~diagnostic~-8264f9dc-e8b2-4232-9f1d-073be4c39427]: FINISHED"}}
[debug] [2020-08-22T08:37:40.408Z] File C:\Users\danyo\OneDrive\Desktop\kimeltu\functions\handlers\users.js changed, reloading triggers {"metadata":{"emulator":{"name":"functions"},"message":"File C:\\Users\\danyo\\OneDrive\\Desktop\\kimeltu\\functions\\handlers\\users.js changed, reloading triggers"}}
[debug] [2020-08-22T08:37:41.408Z] [worker-pool] Cleaned up workers for ~diagnostic~: 1 --> 0 {"metadata":{"emulator":{"name":"functions"},"message":"[worker-pool] Cleaned up workers for ~diagnostic~: 1 --> 0"}}
[debug] [2020-08-22T08:37:41.414Z] [worker-pool] addWorker(~diagnostic~) {"metadata":{"emulator":{"name":"functions"},"message":"[worker-pool] addWorker(~diagnostic~)"}}
[debug] [2020-08-22T08:37:41.414Z] [worker-pool] Adding worker with key ~diagnostic~, total=1 {"metadata":{"emulator":{"name":"functions"},"message":"[worker-pool] Adding worker with key ~diagnostic~, total=1"}}
[debug] [2020-08-22T08:37:41.414Z] [worker-pool] submitWork(triggerId=) {"metadata":{"emulator":{"name":"functions"},"message":"[worker-pool] submitWork(triggerId=)"}}
[debug] [2020-08-22T08:37:41.414Z] [worker-~diagnostic~-3bc141d5-a478-4c8c-af23-9e2ffd34ba09]: Assigning socketPath: \\?\pipe\C:\Users\danyo\OneDrive\Desktop\kimeltu\functions\3740 {"metadata":{"emulator":{"name":"functions"},"message":"[worker-~diagnostic~-3bc141d5-a478-4c8c-af23-9e2ffd34ba09]: Assigning socketPath: \\\\?\\pipe\\C:\\Users\\danyo\\OneDrive\\Desktop\\kimeltu\\functions\\3740"}}
[debug] [2020-08-22T08:37:41.415Z] [worker-~diagnostic~-3bc141d5-a478-4c8c-af23-9e2ffd34ba09]: BUSY {"metadata":{"emulator":{"name":"functions"},"message":"[worker-~diagnostic~-3bc141d5-a478-4c8c-af23-9e2ffd34ba09]: BUSY"}}
[debug] [2020-08-22T08:37:41.780Z] [runtime-status] [3740] Functions runtime initialized. {"cwd":"C:\\Users\\danyo\\OneDrive\\Desktop\\kimeltu\\functions","node_version":"12.18.3"} {"metadata":{"emulator":{"name":"functions"},"message":"[runtime-status] [3740] Functions runtime initialized. {\"cwd\":\"C:\\\\Users\\\\danyo\\\\OneDrive\\\\Desktop\\\\kimeltu\\\\functions\",\"node_version\":\"12.18.3\"}"}}
[debug] [2020-08-22T08:37:41.782Z] [runtime-status] [3740] Disabled runtime features: undefined {"metadata":{"emulator":{"name":"functions"},"message":"[runtime-status] [3740] Disabled runtime features: undefined"}}
[debug] [2020-08-22T08:37:41.786Z] [runtime-status] [3740] Resolved module firebase-admin {"declared":true,"installed":true,"version":"8.13.0","resolution":"C:\\Users\\danyo\\OneDrive\\Desktop\\kimeltu\\functions\\node_modules\\firebase-admin\\lib\\index.js"} {"metadata":{"emulator":{"name":"functions"},"message":"[runtime-status] [3740] Resolved module firebase-admin {\"declared\":true,\"installed\":true,\"version\":\"8.13.0\",\"resolution\":\"C:\\\\Users\\\\danyo\\\\OneDrive\\\\Desktop\\\\kimeltu\\\\functions\\\\node_modules\\\\firebase-admin\\\\lib\\\\index.js\"}"}}
[debug] [2020-08-22T08:37:41.789Z] [runtime-status] [3740] Resolved module firebase-functions {"declared":true,"installed":true,"version":"3.11.0","resolution":"C:\\Users\\danyo\\OneDrive\\Desktop\\kimeltu\\functions\\node_modules\\firebase-functions\\lib\\index.js"} {"metadata":{"emulator":{"name":"functions"},"message":"[runtime-status] [3740] Resolved module firebase-functions {\"declared\":true,\"installed\":true,\"version\":\"3.11.0\",\"resolution\":\"C:\\\\Users\\\\danyo\\\\OneDrive\\\\Desktop\\\\kimeltu\\\\functions\\\\node_modules\\\\firebase-functions\\\\lib\\\\index.js\"}"}}
[debug] [2020-08-22T08:37:41.790Z] [runtime-status] [3740] Resolved module firebase-functions {"declared":true,"installed":true,"version":"3.11.0","resolution":"C:\\Users\\danyo\\OneDrive\\Desktop\\kimeltu\\functions\\node_modules\\firebase-functions\\lib\\index.js"} {"metadata":{"emulator":{"name":"functions"},"message":"[runtime-status] [3740] Resolved module firebase-functions {\"declared\":true,\"installed\":true,\"version\":\"3.11.0\",\"resolution\":\"C:\\\\Users\\\\danyo\\\\OneDrive\\\\Desktop\\\\kimeltu\\\\functions\\\\node_modules\\\\firebase-functions\\\\lib\\\\index.js\"}"}}
[debug] [2020-08-22T08:37:41.791Z] [runtime-status] [3740] Outgoing network have been stubbed. [{"name":"http","status":"mocked"},{"name":"http","status":"mocked"},{"name":"https","status":"mocked"},{"name":"https","status":"mocked"},{"name":"net","status":"mocked"}] {"metadata":{"emulator":{"name":"functions"},"message":"[runtime-status] [3740] Outgoing network have been stubbed. [{\"name\":\"http\",\"status\":\"mocked\"},{\"name\":\"http\",\"status\":\"mocked\"},{\"name\":\"https\",\"status\":\"mocked\"},{\"name\":\"https\",\"status\":\"mocked\"},{\"name\":\"net\",\"status\":\"mocked\"}]"}}
[debug] [2020-08-22T08:37:41.792Z] [runtime-status] [3740] Resolved module firebase-functions {"declared":true,"installed":true,"version":"3.11.0","resolution":"C:\\Users\\danyo\\OneDrive\\Desktop\\kimeltu\\functions\\node_modules\\firebase-functions\\lib\\index.js"} {"metadata":{"emulator":{"name":"functions"},"message":"[runtime-status] [3740] Resolved module firebase-functions {\"declared\":true,\"installed\":true,\"version\":\"3.11.0\",\"resolution\":\"C:\\\\Users\\\\danyo\\\\OneDrive\\\\Desktop\\\\kimeltu\\\\functions\\\\node_modules\\\\firebase-functions\\\\lib\\\\index.js\"}"}}
[debug] [2020-08-22T08:37:41.833Z] [runtime-status] [3740] Checked functions.config() {"config":{}} {"metadata":{"emulator":{"name":"functions"},"message":"[runtime-status] [3740] Checked functions.config() {\"config\":{}}"}}
[debug] [2020-08-22T08:37:41.833Z] [runtime-status] [3740] firebase-functions has been stubbed. {"functionsResolution":{"declared":true,"installed":true,"version":"3.11.0","resolution":"C:\\Users\\danyo\\OneDrive\\Desktop\\kimeltu\\functions\\node_modules\\firebase-functions\\lib\\index.js"}} {"metadata":{"emulator":{"name":"functions"},"message":"[runtime-status] [3740] firebase-functions has been stubbed. {\"functionsResolution\":{\"declared\":true,\"installed\":true,\"version\":\"3.11.0\",\"resolution\":\"C:\\\\Users\\\\danyo\\\\OneDrive\\\\Desktop\\\\kimeltu\\\\functions\\\\node_modules\\\\firebase-functions\\\\lib\\\\index.js\"}}"}}
[debug] [2020-08-22T08:37:41.834Z] [runtime-status] [3740] Resolved module firebase-functions {"declared":true,"installed":true,"version":"3.11.0","resolution":"C:\\Users\\danyo\\OneDrive\\Desktop\\kimeltu\\functions\\node_modules\\firebase-functions\\lib\\index.js"} {"metadata":{"emulator":{"name":"functions"},"message":"[runtime-status] [3740] Resolved module firebase-functions {\"declared\":true,\"installed\":true,\"version\":\"3.11.0\",\"resolution\":\"C:\\\\Users\\\\danyo\\\\OneDrive\\\\Desktop\\\\kimeltu\\\\functions\\\\node_modules\\\\firebase-functions\\\\lib\\\\index.js\"}"}}
[debug] [2020-08-22T08:37:41.835Z] [runtime-status] [3740] Resolved module firebase-admin {"declared":true,"installed":true,"version":"8.13.0","resolution":"C:\\Users\\danyo\\OneDrive\\Desktop\\kimeltu\\functions\\node_modules\\firebase-admin\\lib\\index.js"} {"metadata":{"emulator":{"name":"functions"},"message":"[runtime-status] [3740] Resolved module firebase-admin {\"declared\":true,\"installed\":true,\"version\":\"8.13.0\",\"resolution\":\"C:\\\\Users\\\\danyo\\\\OneDrive\\\\Desktop\\\\kimeltu\\\\functions\\\\node_modules\\\\firebase-admin\\\\lib\\\\index.js\"}"}}
[debug] [2020-08-22T08:37:41.835Z] [runtime-status] [3740] Resolved module firebase-functions {"declared":true,"installed":true,"version":"3.11.0","resolution":"C:\\Users\\danyo\\OneDrive\\Desktop\\kimeltu\\functions\\node_modules\\firebase-functions\\lib\\index.js"} {"metadata":{"emulator":{"name":"functions"},"message":"[runtime-status] [3740] Resolved module firebase-functions {\"declared\":true,\"installed\":true,\"version\":\"3.11.0\",\"resolution\":\"C:\\\\Users\\\\danyo\\\\OneDrive\\\\Desktop\\\\kimeltu\\\\functions\\\\node_modules\\\\firebase-functions\\\\lib\\\\index.js\"}"}}
[debug] [2020-08-22T08:37:41.835Z] [runtime-status] [3740] firebase-admin has been stubbed. {"adminResolution":{"declared":true,"installed":true,"version":"8.13.0","resolution":"C:\\Users\\danyo\\OneDrive\\Desktop\\kimeltu\\functions\\node_modules\\firebase-admin\\lib\\index.js"}} {"metadata":{"emulator":{"name":"functions"},"message":"[runtime-status] [3740] firebase-admin has been stubbed. {\"adminResolution\":{\"declared\":true,\"installed\":true,\"version\":\"8.13.0\",\"resolution\":\"C:\\\\Users\\\\danyo\\\\OneDrive\\\\Desktop\\\\kimeltu\\\\functions\\\\node_modules\\\\firebase-admin\\\\lib\\\\index.js\"}}"}}
[debug] [2020-08-22T08:37:41.972Z] [runtime-status] [3740] initializeApp(DEFAULT) {"databaseURL":"https://kimeltu-88856.firebaseio.com","storageBucket":"kimeltu-88856.appspot.com","projectId":"kimeltu-88856"} {"metadata":{"emulator":{"name":"functions"},"message":"[runtime-status] [3740] initializeApp(DEFAULT) {\"databaseURL\":\"https://kimeltu-88856.firebaseio.com\",\"storageBucket\":\"kimeltu-88856.appspot.com\",\"projectId\":\"kimeltu-88856\"}"}}
[warn] !  functions: The Cloud Firestore emulator is not running, so calls to Firestore will affect production. {"metadata":{"emulator":{"name":"functions"},"message":"The Cloud Firestore emulator is not running, so calls to Firestore will affect production."}}
[warn] !  Error: Cannot find module './handlers/user'
Require stack:
- C:\Users\danyo\OneDrive\Desktop\kimeltu\functions\index.js
- C:\Users\danyo\AppData\Roaming\npm\node_modules\firebase-tools\lib\emulator\functionsEmulatorRuntime.js
    at Function.Module._resolveFilename (internal/modules/cjs/loader.js:965:15)
    at Function.Module._load (internal/modules/cjs/loader.js:841:27)
    at Module.require (internal/modules/cjs/loader.js:1025:19)
    at require (internal/modules/cjs/helpers.js:72:18)
    at Object.<anonymous> (C:\Users\danyo\OneDrive\Desktop\kimeltu\functions\index.js:9:16)
    at Module._compile (internal/modules/cjs/loader.js:1137:30)
    at Object.Module._extensions..js (internal/modules/cjs/loader.js:1157:10)
    at Module.load (internal/modules/cjs/loader.js:985:32)
    at Function.Module._load (internal/modules/cjs/loader.js:878:14)
    at Module.require (internal/modules/cjs/loader.js:1025:19) {"metadata":{"emulator":{"name":"functions"},"message":"Error: Cannot find module './handlers/user'\nRequire stack:\n- C:\\Users\\danyo\\OneDrive\\Desktop\\kimeltu\\functions\\index.js\n- C:\\Users\\danyo\\AppData\\Roaming\\npm\\node_modules\\firebase-tools\\lib\\emulator\\functionsEmulatorRuntime.js\n    at Function.Module._resolveFilename (internal/modules/cjs/loader.js:965:15)\n    at Function.Module._load (internal/modules/cjs/loader.js:841:27)\n    at Module.require (internal/modules/cjs/loader.js:1025:19)\n    at require (internal/modules/cjs/helpers.js:72:18)\n    at Object.<anonymous> (C:\\Users\\danyo\\OneDrive\\Desktop\\kimeltu\\functions\\index.js:9:16)\n    at Module._compile (internal/modules/cjs/loader.js:1137:30)\n    at Object.Module._extensions..js (internal/modules/cjs/loader.js:1157:10)\n    at Module.load (internal/modules/cjs/loader.js:985:32)\n    at Function.Module._load (internal/modules/cjs/loader.js:878:14)\n    at Module.require (internal/modules/cjs/loader.js:1025:19)"}}
[warn] !  We were unable to load your functions code. (see above) {"metadata":{"emulator":{"name":"functions"}}}
[debug] [2020-08-22T08:37:42.318Z] [worker-~diagnostic~-3bc141d5-a478-4c8c-af23-9e2ffd34ba09]: exited {"metadata":{"emulator":{"name":"functions"},"message":"[worker-~diagnostic~-3bc141d5-a478-4c8c-af23-9e2ffd34ba09]: exited"}}
[debug] [2020-08-22T08:37:42.319Z] [worker-~diagnostic~-3bc141d5-a478-4c8c-af23-9e2ffd34ba09]: FINISHED {"metadata":{"emulator":{"name":"functions"},"message":"[worker-~diagnostic~-3bc141d5-a478-4c8c-af23-9e2ffd34ba09]: FINISHED"}}
[debug] [2020-08-22T08:37:53.695Z] ----------------------------------------------------------------------
[debug] [2020-08-22T08:37:53.696Z] Command:       C:\Program Files\nodejs\node.exe C:\Users\danyo\AppData\Roaming\npm\node_modules\firebase-tools\lib\bin\firebase.js serve
[debug] [2020-08-22T08:37:53.697Z] CLI Version:   8.9.0
[debug] [2020-08-22T08:37:53.697Z] Platform:      win32
[debug] [2020-08-22T08:37:53.697Z] Node Version:  v12.18.3
[debug] [2020-08-22T08:37:53.697Z] Time:          Sat Aug 22 2020 04:37:53 GMT-0400 (GMT-04:00)
[debug] [2020-08-22T08:37:53.698Z] ----------------------------------------------------------------------
[debug] [2020-08-22T08:37:53.698Z] 
[debug] [2020-08-22T08:37:53.705Z] > command requires scopes: ["email","openid","https://www.googleapis.com/auth/cloudplatformprojects.readonly","https://www.googleapis.com/auth/firebase","https://www.googleapis.com/auth/cloud-platform"]
[debug] [2020-08-22T08:37:53.706Z] > authorizing via signed-in user
[debug] [2020-08-22T08:37:53.706Z] [iam] checking project kimeltu-88856 for permissions ["firebase.projects.get"]
[debug] [2020-08-22T08:37:53.709Z] >>> HTTP REQUEST POST https://cloudresourcemanager.googleapis.com/v1/projects/kimeltu-88856:testIamPermissions  
 {"permissions":["firebase.projects.get"]}
[debug] [2020-08-22T08:37:54.641Z] <<< HTTP RESPONSE 200 {"content-type":"application/json; charset=UTF-8","vary":"X-Origin, Referer, Origin,Accept-Encoding","date":"Sat, 22 Aug 2020 08:37:54 GMT","server":"ESF","cache-control":"private","x-xss-protection":"0","x-frame-options":"SAMEORIGIN","x-content-type-options":"nosniff","server-timing":"gfet4t7; dur=835","alt-svc":"h3-29=\":443\"; ma=2592000,h3-27=\":443\"; ma=2592000,h3-T050=\":443\"; ma=2592000,h3-Q050=\":443\"; ma=2592000,h3-Q046=\":443\"; ma=2592000,h3-Q043=\":443\"; ma=2592000,quic=\":443\"; ma=2592000; v=\"46,43\"","accept-ranges":"none","transfer-encoding":"chunked"}
[debug] [2020-08-22T08:37:54.642Z] >>> HTTP REQUEST GET https://firebase.googleapis.com/v1beta1/projects/kimeltu-88856  
 
[debug] [2020-08-22T08:37:55.551Z] <<< HTTP RESPONSE 200 {"content-type":"application/json; charset=UTF-8","vary":"X-Origin, Referer, Origin,Accept-Encoding","date":"Sat, 22 Aug 2020 08:37:55 GMT","server":"ESF","cache-control":"private","x-xss-protection":"0","x-frame-options":"SAMEORIGIN","x-content-type-options":"nosniff","alt-svc":"h3-29=\":443\"; ma=2592000,h3-27=\":443\"; ma=2592000,h3-T050=\":443\"; ma=2592000,h3-Q050=\":443\"; ma=2592000,h3-Q046=\":443\"; ma=2592000,h3-Q043=\":443\"; ma=2592000,quic=\":443\"; ma=2592000; v=\"46,43\"","accept-ranges":"none","transfer-encoding":"chunked"}
[info] 
[info] === Serving from 'C:\Users\danyo\OneDrive\Desktop\kimeltu'...
[info] 
[warn] !  Your requested "node" version "8" doesn't match your global version "12" {"metadata":{"emulator":{"name":"functions"},"message":"Your requested \"node\" version \"8\" doesn't match your global version \"12\""}}
[info] i  functions: Watching "C:\Users\danyo\OneDrive\Desktop\kimeltu\functions" for Cloud Functions... {"metadata":{"emulator":{"name":"functions"},"message":"Watching \"C:\\Users\\danyo\\OneDrive\\Desktop\\kimeltu\\functions\" for Cloud Functions..."}}
[debug] [2020-08-22T08:37:57.582Z] [worker-pool] addWorker(~diagnostic~) {"metadata":{"emulator":{"name":"functions"},"message":"[worker-pool] addWorker(~diagnostic~)"}}
[debug] [2020-08-22T08:37:57.583Z] [worker-pool] Adding worker with key ~diagnostic~, total=1 {"metadata":{"emulator":{"name":"functions"},"message":"[worker-pool] Adding worker with key ~diagnostic~, total=1"}}
[debug] [2020-08-22T08:37:57.583Z] [worker-pool] submitWork(triggerId=) {"metadata":{"emulator":{"name":"functions"},"message":"[worker-pool] submitWork(triggerId=)"}}
[debug] [2020-08-22T08:37:57.583Z] [worker-~diagnostic~-0ede6445-6381-4cd2-a689-85e26ec2cb60]: Assigning socketPath: \\?\pipe\C:\Users\danyo\OneDrive\Desktop\kimeltu\functions\10248 {"metadata":{"emulator":{"name":"functions"},"message":"[worker-~diagnostic~-0ede6445-6381-4cd2-a689-85e26ec2cb60]: Assigning socketPath: \\\\?\\pipe\\C:\\Users\\danyo\\OneDrive\\Desktop\\kimeltu\\functions\\10248"}}
[debug] [2020-08-22T08:37:57.584Z] [worker-~diagnostic~-0ede6445-6381-4cd2-a689-85e26ec2cb60]: BUSY {"metadata":{"emulator":{"name":"functions"},"message":"[worker-~diagnostic~-0ede6445-6381-4cd2-a689-85e26ec2cb60]: BUSY"}}
[debug] [2020-08-22T08:37:57.985Z] [runtime-status] [10248] Functions runtime initialized. {"cwd":"C:\\Users\\danyo\\OneDrive\\Desktop\\kimeltu\\functions","node_version":"12.18.3"} {"metadata":{"emulator":{"name":"functions"},"message":"[runtime-status] [10248] Functions runtime initialized. {\"cwd\":\"C:\\\\Users\\\\danyo\\\\OneDrive\\\\Desktop\\\\kimeltu\\\\functions\",\"node_version\":\"12.18.3\"}"}}
[debug] [2020-08-22T08:37:57.986Z] [runtime-status] [10248] Disabled runtime features: undefined {"metadata":{"emulator":{"name":"functions"},"message":"[runtime-status] [10248] Disabled runtime features: undefined"}}
[debug] [2020-08-22T08:37:57.992Z] [runtime-status] [10248] Resolved module firebase-admin {"declared":true,"installed":true,"version":"8.13.0","resolution":"C:\\Users\\danyo\\OneDrive\\Desktop\\kimeltu\\functions\\node_modules\\firebase-admin\\lib\\index.js"} {"metadata":{"emulator":{"name":"functions"},"message":"[runtime-status] [10248] Resolved module firebase-admin {\"declared\":true,\"installed\":true,\"version\":\"8.13.0\",\"resolution\":\"C:\\\\Users\\\\danyo\\\\OneDrive\\\\Desktop\\\\kimeltu\\\\functions\\\\node_modules\\\\firebase-admin\\\\lib\\\\index.js\"}"}}
[debug] [2020-08-22T08:37:57.994Z] [runtime-status] [10248] Resolved module firebase-functions {"declared":true,"installed":true,"version":"3.11.0","resolution":"C:\\Users\\danyo\\OneDrive\\Desktop\\kimeltu\\functions\\node_modules\\firebase-functions\\lib\\index.js"} {"metadata":{"emulator":{"name":"functions"},"message":"[runtime-status] [10248] Resolved module firebase-functions {\"declared\":true,\"installed\":true,\"version\":\"3.11.0\",\"resolution\":\"C:\\\\Users\\\\danyo\\\\OneDrive\\\\Desktop\\\\kimeltu\\\\functions\\\\node_modules\\\\firebase-functions\\\\lib\\\\index.js\"}"}}
[debug] [2020-08-22T08:37:57.994Z] [runtime-status] [10248] Resolved module firebase-functions {"declared":true,"installed":true,"version":"3.11.0","resolution":"C:\\Users\\danyo\\OneDrive\\Desktop\\kimeltu\\functions\\node_modules\\firebase-functions\\lib\\index.js"} {"metadata":{"emulator":{"name":"functions"},"message":"[runtime-status] [10248] Resolved module firebase-functions {\"declared\":true,\"installed\":true,\"version\":\"3.11.0\",\"resolution\":\"C:\\\\Users\\\\danyo\\\\OneDrive\\\\Desktop\\\\kimeltu\\\\functions\\\\node_modules\\\\firebase-functions\\\\lib\\\\index.js\"}"}}
[debug] [2020-08-22T08:37:57.996Z] [runtime-status] [10248] Outgoing network have been stubbed. [{"name":"http","status":"mocked"},{"name":"http","status":"mocked"},{"name":"https","status":"mocked"},{"name":"https","status":"mocked"},{"name":"net","status":"mocked"}] {"metadata":{"emulator":{"name":"functions"},"message":"[runtime-status] [10248] Outgoing network have been stubbed. [{\"name\":\"http\",\"status\":\"mocked\"},{\"name\":\"http\",\"status\":\"mocked\"},{\"name\":\"https\",\"status\":\"mocked\"},{\"name\":\"https\",\"status\":\"mocked\"},{\"name\":\"net\",\"status\":\"mocked\"}]"}}
[debug] [2020-08-22T08:37:57.996Z] [runtime-status] [10248] Resolved module firebase-functions {"declared":true,"installed":true,"version":"3.11.0","resolution":"C:\\Users\\danyo\\OneDrive\\Desktop\\kimeltu\\functions\\node_modules\\firebase-functions\\lib\\index.js"} {"metadata":{"emulator":{"name":"functions"},"message":"[runtime-status] [10248] Resolved module firebase-functions {\"declared\":true,\"installed\":true,\"version\":\"3.11.0\",\"resolution\":\"C:\\\\Users\\\\danyo\\\\OneDrive\\\\Desktop\\\\kimeltu\\\\functions\\\\node_modules\\\\firebase-functions\\\\lib\\\\index.js\"}"}}
[debug] [2020-08-22T08:37:58.039Z] [runtime-status] [10248] Checked functions.config() {"config":{}} {"metadata":{"emulator":{"name":"functions"},"message":"[runtime-status] [10248] Checked functions.config() {\"config\":{}}"}}
[debug] [2020-08-22T08:37:58.039Z] [runtime-status] [10248] firebase-functions has been stubbed. {"functionsResolution":{"declared":true,"installed":true,"version":"3.11.0","resolution":"C:\\Users\\danyo\\OneDrive\\Desktop\\kimeltu\\functions\\node_modules\\firebase-functions\\lib\\index.js"}} {"metadata":{"emulator":{"name":"functions"},"message":"[runtime-status] [10248] firebase-functions has been stubbed. {\"functionsResolution\":{\"declared\":true,\"installed\":true,\"version\":\"3.11.0\",\"resolution\":\"C:\\\\Users\\\\danyo\\\\OneDrive\\\\Desktop\\\\kimeltu\\\\functions\\\\node_modules\\\\firebase-functions\\\\lib\\\\index.js\"}}"}}
[debug] [2020-08-22T08:37:58.040Z] [runtime-status] [10248] Resolved module firebase-functions {"declared":true,"installed":true,"version":"3.11.0","resolution":"C:\\Users\\danyo\\OneDrive\\Desktop\\kimeltu\\functions\\node_modules\\firebase-functions\\lib\\index.js"} {"metadata":{"emulator":{"name":"functions"},"message":"[runtime-status] [10248] Resolved module firebase-functions {\"declared\":true,\"installed\":true,\"version\":\"3.11.0\",\"resolution\":\"C:\\\\Users\\\\danyo\\\\OneDrive\\\\Desktop\\\\kimeltu\\\\functions\\\\node_modules\\\\firebase-functions\\\\lib\\\\index.js\"}"}}
[debug] [2020-08-22T08:37:58.041Z] [runtime-status] [10248] Resolved module firebase-admin {"declared":true,"installed":true,"version":"8.13.0","resolution":"C:\\Users\\danyo\\OneDrive\\Desktop\\kimeltu\\functions\\node_modules\\firebase-admin\\lib\\index.js"} {"metadata":{"emulator":{"name":"functions"},"message":"[runtime-status] [10248] Resolved module firebase-admin {\"declared\":true,\"installed\":true,\"version\":\"8.13.0\",\"resolution\":\"C:\\\\Users\\\\danyo\\\\OneDrive\\\\Desktop\\\\kimeltu\\\\functions\\\\node_modules\\\\firebase-admin\\\\lib\\\\index.js\"}"}}
[debug] [2020-08-22T08:37:58.042Z] [runtime-status] [10248] Resolved module firebase-functions {"declared":true,"installed":true,"version":"3.11.0","resolution":"C:\\Users\\danyo\\OneDrive\\Desktop\\kimeltu\\functions\\node_modules\\firebase-functions\\lib\\index.js"} {"metadata":{"emulator":{"name":"functions"},"message":"[runtime-status] [10248] Resolved module firebase-functions {\"declared\":true,\"installed\":true,\"version\":\"3.11.0\",\"resolution\":\"C:\\\\Users\\\\danyo\\\\OneDrive\\\\Desktop\\\\kimeltu\\\\functions\\\\node_modules\\\\firebase-functions\\\\lib\\\\index.js\"}"}}
[debug] [2020-08-22T08:37:58.042Z] [runtime-status] [10248] firebase-admin has been stubbed. {"adminResolution":{"declared":true,"installed":true,"version":"8.13.0","resolution":"C:\\Users\\danyo\\OneDrive\\Desktop\\kimeltu\\functions\\node_modules\\firebase-admin\\lib\\index.js"}} {"metadata":{"emulator":{"name":"functions"},"message":"[runtime-status] [10248] firebase-admin has been stubbed. {\"adminResolution\":{\"declared\":true,\"installed\":true,\"version\":\"8.13.0\",\"resolution\":\"C:\\\\Users\\\\danyo\\\\OneDrive\\\\Desktop\\\\kimeltu\\\\functions\\\\node_modules\\\\firebase-admin\\\\lib\\\\index.js\"}}"}}
[debug] [2020-08-22T08:37:58.163Z] [runtime-status] [10248] initializeApp(DEFAULT) {"databaseURL":"https://kimeltu-88856.firebaseio.com","storageBucket":"kimeltu-88856.appspot.com","projectId":"kimeltu-88856"} {"metadata":{"emulator":{"name":"functions"},"message":"[runtime-status] [10248] initializeApp(DEFAULT) {\"databaseURL\":\"https://kimeltu-88856.firebaseio.com\",\"storageBucket\":\"kimeltu-88856.appspot.com\",\"projectId\":\"kimeltu-88856\"}"}}
[warn] !  functions: The Cloud Firestore emulator is not running, so calls to Firestore will affect production. {"metadata":{"emulator":{"name":"functions"},"message":"The Cloud Firestore emulator is not running, so calls to Firestore will affect production."}}
[warn] !  Error: Cannot find module './handlers/user'
Require stack:
- C:\Users\danyo\OneDrive\Desktop\kimeltu\functions\index.js
- C:\Users\danyo\AppData\Roaming\npm\node_modules\firebase-tools\lib\emulator\functionsEmulatorRuntime.js
    at Function.Module._resolveFilename (internal/modules/cjs/loader.js:965:15)
    at Function.Module._load (internal/modules/cjs/loader.js:841:27)
    at Module.require (internal/modules/cjs/loader.js:1025:19)
    at require (internal/modules/cjs/helpers.js:72:18)
    at Object.<anonymous> (C:\Users\danyo\OneDrive\Desktop\kimeltu\functions\index.js:9:16)
    at Module._compile (internal/modules/cjs/loader.js:1137:30)
    at Object.Module._extensions..js (internal/modules/cjs/loader.js:1157:10)
    at Module.load (internal/modules/cjs/loader.js:985:32)
    at Function.Module._load (internal/modules/cjs/loader.js:878:14)
    at Module.require (internal/modules/cjs/loader.js:1025:19) {"metadata":{"emulator":{"name":"functions"},"message":"Error: Cannot find module './handlers/user'\nRequire stack:\n- C:\\Users\\danyo\\OneDrive\\Desktop\\kimeltu\\functions\\index.js\n- C:\\Users\\danyo\\AppData\\Roaming\\npm\\node_modules\\firebase-tools\\lib\\emulator\\functionsEmulatorRuntime.js\n    at Function.Module._resolveFilename (internal/modules/cjs/loader.js:965:15)\n    at Function.Module._load (internal/modules/cjs/loader.js:841:27)\n    at Module.require (internal/modules/cjs/loader.js:1025:19)\n    at require (internal/modules/cjs/helpers.js:72:18)\n    at Object.<anonymous> (C:\\Users\\danyo\\OneDrive\\Desktop\\kimeltu\\functions\\index.js:9:16)\n    at Module._compile (internal/modules/cjs/loader.js:1137:30)\n    at Object.Module._extensions..js (internal/modules/cjs/loader.js:1157:10)\n    at Module.load (internal/modules/cjs/loader.js:985:32)\n    at Function.Module._load (internal/modules/cjs/loader.js:878:14)\n    at Module.require (internal/modules/cjs/loader.js:1025:19)"}}
[warn] !  We were unable to load your functions code. (see above) {"metadata":{"emulator":{"name":"functions"}}}
[debug] [2020-08-22T08:37:58.524Z] [worker-~diagnostic~-0ede6445-6381-4cd2-a689-85e26ec2cb60]: exited {"metadata":{"emulator":{"name":"functions"},"message":"[worker-~diagnostic~-0ede6445-6381-4cd2-a689-85e26ec2cb60]: exited"}}
[debug] [2020-08-22T08:37:58.524Z] [worker-~diagnostic~-0ede6445-6381-4cd2-a689-85e26ec2cb60]: FINISHED {"metadata":{"emulator":{"name":"functions"},"message":"[worker-~diagnostic~-0ede6445-6381-4cd2-a689-85e26ec2cb60]: FINISHED"}}
[debug] [2020-08-22T08:40:38.744Z] File C:\Users\danyo\OneDrive\Desktop\kimeltu\functions\index.js changed, reloading triggers {"metadata":{"emulator":{"name":"functions"},"message":"File C:\\Users\\danyo\\OneDrive\\Desktop\\kimeltu\\functions\\index.js changed, reloading triggers"}}
[debug] [2020-08-22T08:40:39.746Z] [worker-pool] Cleaned up workers for ~diagnostic~: 1 --> 0 {"metadata":{"emulator":{"name":"functions"},"message":"[worker-pool] Cleaned up workers for ~diagnostic~: 1 --> 0"}}
[debug] [2020-08-22T08:40:39.753Z] [worker-pool] addWorker(~diagnostic~) {"metadata":{"emulator":{"name":"functions"},"message":"[worker-pool] addWorker(~diagnostic~)"}}
[debug] [2020-08-22T08:40:39.753Z] [worker-pool] Adding worker with key ~diagnostic~, total=1 {"metadata":{"emulator":{"name":"functions"},"message":"[worker-pool] Adding worker with key ~diagnostic~, total=1"}}
[debug] [2020-08-22T08:40:39.753Z] [worker-pool] submitWork(triggerId=) {"metadata":{"emulator":{"name":"functions"},"message":"[worker-pool] submitWork(triggerId=)"}}
[debug] [2020-08-22T08:40:39.753Z] [worker-~diagnostic~-95d5d3f1-8161-43de-b1e4-0555e1938b02]: Assigning socketPath: \\?\pipe\C:\Users\danyo\OneDrive\Desktop\kimeltu\functions\3136 {"metadata":{"emulator":{"name":"functions"},"message":"[worker-~diagnostic~-95d5d3f1-8161-43de-b1e4-0555e1938b02]: Assigning socketPath: \\\\?\\pipe\\C:\\Users\\danyo\\OneDrive\\Desktop\\kimeltu\\functions\\3136"}}
[debug] [2020-08-22T08:40:39.753Z] [worker-~diagnostic~-95d5d3f1-8161-43de-b1e4-0555e1938b02]: BUSY {"metadata":{"emulator":{"name":"functions"},"message":"[worker-~diagnostic~-95d5d3f1-8161-43de-b1e4-0555e1938b02]: BUSY"}}
[debug] [2020-08-22T08:40:40.394Z] [runtime-status] [3136] Functions runtime initialized. {"cwd":"C:\\Users\\danyo\\OneDrive\\Desktop\\kimeltu\\functions","node_version":"12.18.3"} {"metadata":{"emulator":{"name":"functions"},"message":"[runtime-status] [3136] Functions runtime initialized. {\"cwd\":\"C:\\\\Users\\\\danyo\\\\OneDrive\\\\Desktop\\\\kimeltu\\\\functions\",\"node_version\":\"12.18.3\"}"}}
[debug] [2020-08-22T08:40:40.396Z] [runtime-status] [3136] Disabled runtime features: undefined {"metadata":{"emulator":{"name":"functions"},"message":"[runtime-status] [3136] Disabled runtime features: undefined"}}
[debug] [2020-08-22T08:40:40.403Z] [runtime-status] [3136] Resolved module firebase-admin {"declared":true,"installed":true,"version":"8.13.0","resolution":"C:\\Users\\danyo\\OneDrive\\Desktop\\kimeltu\\functions\\node_modules\\firebase-admin\\lib\\index.js"} {"metadata":{"emulator":{"name":"functions"},"message":"[runtime-status] [3136] Resolved module firebase-admin {\"declared\":true,\"installed\":true,\"version\":\"8.13.0\",\"resolution\":\"C:\\\\Users\\\\danyo\\\\OneDrive\\\\Desktop\\\\kimeltu\\\\functions\\\\node_modules\\\\firebase-admin\\\\lib\\\\index.js\"}"}}
[debug] [2020-08-22T08:40:40.405Z] [runtime-status] [3136] Resolved module firebase-functions {"declared":true,"installed":true,"version":"3.11.0","resolution":"C:\\Users\\danyo\\OneDrive\\Desktop\\kimeltu\\functions\\node_modules\\firebase-functions\\lib\\index.js"} {"metadata":{"emulator":{"name":"functions"},"message":"[runtime-status] [3136] Resolved module firebase-functions {\"declared\":true,\"installed\":true,\"version\":\"3.11.0\",\"resolution\":\"C:\\\\Users\\\\danyo\\\\OneDrive\\\\Desktop\\\\kimeltu\\\\functions\\\\node_modules\\\\firebase-functions\\\\lib\\\\index.js\"}"}}
[debug] [2020-08-22T08:40:40.406Z] [runtime-status] [3136] Resolved module firebase-functions {"declared":true,"installed":true,"version":"3.11.0","resolution":"C:\\Users\\danyo\\OneDrive\\Desktop\\kimeltu\\functions\\node_modules\\firebase-functions\\lib\\index.js"} {"metadata":{"emulator":{"name":"functions"},"message":"[runtime-status] [3136] Resolved module firebase-functions {\"declared\":true,\"installed\":true,\"version\":\"3.11.0\",\"resolution\":\"C:\\\\Users\\\\danyo\\\\OneDrive\\\\Desktop\\\\kimeltu\\\\functions\\\\node_modules\\\\firebase-functions\\\\lib\\\\index.js\"}"}}
[debug] [2020-08-22T08:40:40.407Z] [runtime-status] [3136] Outgoing network have been stubbed. [{"name":"http","status":"mocked"},{"name":"http","status":"mocked"},{"name":"https","status":"mocked"},{"name":"https","status":"mocked"},{"name":"net","status":"mocked"}] {"metadata":{"emulator":{"name":"functions"},"message":"[runtime-status] [3136] Outgoing network have been stubbed. [{\"name\":\"http\",\"status\":\"mocked\"},{\"name\":\"http\",\"status\":\"mocked\"},{\"name\":\"https\",\"status\":\"mocked\"},{\"name\":\"https\",\"status\":\"mocked\"},{\"name\":\"net\",\"status\":\"mocked\"}]"}}
[debug] [2020-08-22T08:40:40.408Z] [runtime-status] [3136] Resolved module firebase-functions {"declared":true,"installed":true,"version":"3.11.0","resolution":"C:\\Users\\danyo\\OneDrive\\Desktop\\kimeltu\\functions\\node_modules\\firebase-functions\\lib\\index.js"} {"metadata":{"emulator":{"name":"functions"},"message":"[runtime-status] [3136] Resolved module firebase-functions {\"declared\":true,\"installed\":true,\"version\":\"3.11.0\",\"resolution\":\"C:\\\\Users\\\\danyo\\\\OneDrive\\\\Desktop\\\\kimeltu\\\\functions\\\\node_modules\\\\firebase-functions\\\\lib\\\\index.js\"}"}}
[debug] [2020-08-22T08:40:40.455Z] [runtime-status] [3136] Checked functions.config() {"config":{}} {"metadata":{"emulator":{"name":"functions"},"message":"[runtime-status] [3136] Checked functions.config() {\"config\":{}}"}}
[debug] [2020-08-22T08:40:40.455Z] [runtime-status] [3136] firebase-functions has been stubbed. {"functionsResolution":{"declared":true,"installed":true,"version":"3.11.0","resolution":"C:\\Users\\danyo\\OneDrive\\Desktop\\kimeltu\\functions\\node_modules\\firebase-functions\\lib\\index.js"}} {"metadata":{"emulator":{"name":"functions"},"message":"[runtime-status] [3136] firebase-functions has been stubbed. {\"functionsResolution\":{\"declared\":true,\"installed\":true,\"version\":\"3.11.0\",\"resolution\":\"C:\\\\Users\\\\danyo\\\\OneDrive\\\\Desktop\\\\kimeltu\\\\functions\\\\node_modules\\\\firebase-functions\\\\lib\\\\index.js\"}}"}}
[debug] [2020-08-22T08:40:40.456Z] [runtime-status] [3136] Resolved module firebase-functions {"declared":true,"installed":true,"version":"3.11.0","resolution":"C:\\Users\\danyo\\OneDrive\\Desktop\\kimeltu\\functions\\node_modules\\firebase-functions\\lib\\index.js"} {"metadata":{"emulator":{"name":"functions"},"message":"[runtime-status] [3136] Resolved module firebase-functions {\"declared\":true,\"installed\":true,\"version\":\"3.11.0\",\"resolution\":\"C:\\\\Users\\\\danyo\\\\OneDrive\\\\Desktop\\\\kimeltu\\\\functions\\\\node_modules\\\\firebase-functions\\\\lib\\\\index.js\"}"}}
[debug] [2020-08-22T08:40:40.457Z] [runtime-status] [3136] Resolved module firebase-admin {"declared":true,"installed":true,"version":"8.13.0","resolution":"C:\\Users\\danyo\\OneDrive\\Desktop\\kimeltu\\functions\\node_modules\\firebase-admin\\lib\\index.js"} {"metadata":{"emulator":{"name":"functions"},"message":"[runtime-status] [3136] Resolved module firebase-admin {\"declared\":true,\"installed\":true,\"version\":\"8.13.0\",\"resolution\":\"C:\\\\Users\\\\danyo\\\\OneDrive\\\\Desktop\\\\kimeltu\\\\functions\\\\node_modules\\\\firebase-admin\\\\lib\\\\index.js\"}"}}
[debug] [2020-08-22T08:40:40.458Z] [runtime-status] [3136] Resolved module firebase-functions {"declared":true,"installed":true,"version":"3.11.0","resolution":"C:\\Users\\danyo\\OneDrive\\Desktop\\kimeltu\\functions\\node_modules\\firebase-functions\\lib\\index.js"} {"metadata":{"emulator":{"name":"functions"},"message":"[runtime-status] [3136] Resolved module firebase-functions {\"declared\":true,\"installed\":true,\"version\":\"3.11.0\",\"resolution\":\"C:\\\\Users\\\\danyo\\\\OneDrive\\\\Desktop\\\\kimeltu\\\\functions\\\\node_modules\\\\firebase-functions\\\\lib\\\\index.js\"}"}}
[debug] [2020-08-22T08:40:40.458Z] [runtime-status] [3136] firebase-admin has been stubbed. {"adminResolution":{"declared":true,"installed":true,"version":"8.13.0","resolution":"C:\\Users\\danyo\\OneDrive\\Desktop\\kimeltu\\functions\\node_modules\\firebase-admin\\lib\\index.js"}} {"metadata":{"emulator":{"name":"functions"},"message":"[runtime-status] [3136] firebase-admin has been stubbed. {\"adminResolution\":{\"declared\":true,\"installed\":true,\"version\":\"8.13.0\",\"resolution\":\"C:\\\\Users\\\\danyo\\\\OneDrive\\\\Desktop\\\\kimeltu\\\\functions\\\\node_modules\\\\firebase-admin\\\\lib\\\\index.js\"}}"}}
[debug] [2020-08-22T08:40:40.604Z] [runtime-status] [3136] initializeApp(DEFAULT) {"databaseURL":"https://kimeltu-88856.firebaseio.com","storageBucket":"kimeltu-88856.appspot.com","projectId":"kimeltu-88856"} {"metadata":{"emulator":{"name":"functions"},"message":"[runtime-status] [3136] initializeApp(DEFAULT) {\"databaseURL\":\"https://kimeltu-88856.firebaseio.com\",\"storageBucket\":\"kimeltu-88856.appspot.com\",\"projectId\":\"kimeltu-88856\"}"}}
[warn] !  functions: The Cloud Firestore emulator is not running, so calls to Firestore will affect production. {"metadata":{"emulator":{"name":"functions"},"message":"The Cloud Firestore emulator is not running, so calls to Firestore will affect production."}}
[warn] !  Error: Cannot find module './handlers/user'
Require stack:
- C:\Users\danyo\OneDrive\Desktop\kimeltu\functions\index.js
- C:\Users\danyo\AppData\Roaming\npm\node_modules\firebase-tools\lib\emulator\functionsEmulatorRuntime.js
    at Function.Module._resolveFilename (internal/modules/cjs/loader.js:965:15)
    at Function.Module._load (internal/modules/cjs/loader.js:841:27)
    at Module.require (internal/modules/cjs/loader.js:1025:19)
    at require (internal/modules/cjs/helpers.js:72:18)
    at Object.<anonymous> (C:\Users\danyo\OneDrive\Desktop\kimeltu\functions\index.js:10:22)
    at Module._compile (internal/modules/cjs/loader.js:1137:30)
    at Object.Module._extensions..js (internal/modules/cjs/loader.js:1157:10)
    at Module.load (internal/modules/cjs/loader.js:985:32)
    at Function.Module._load (internal/modules/cjs/loader.js:878:14)
    at Module.require (internal/modules/cjs/loader.js:1025:19) {"metadata":{"emulator":{"name":"functions"},"message":"Error: Cannot find module './handlers/user'\nRequire stack:\n- C:\\Users\\danyo\\OneDrive\\Desktop\\kimeltu\\functions\\index.js\n- C:\\Users\\danyo\\AppData\\Roaming\\npm\\node_modules\\firebase-tools\\lib\\emulator\\functionsEmulatorRuntime.js\n    at Function.Module._resolveFilename (internal/modules/cjs/loader.js:965:15)\n    at Function.Module._load (internal/modules/cjs/loader.js:841:27)\n    at Module.require (internal/modules/cjs/loader.js:1025:19)\n    at require (internal/modules/cjs/helpers.js:72:18)\n    at Object.<anonymous> (C:\\Users\\danyo\\OneDrive\\Desktop\\kimeltu\\functions\\index.js:10:22)\n    at Module._compile (internal/modules/cjs/loader.js:1137:30)\n    at Object.Module._extensions..js (internal/modules/cjs/loader.js:1157:10)\n    at Module.load (internal/modules/cjs/loader.js:985:32)\n    at Function.Module._load (internal/modules/cjs/loader.js:878:14)\n    at Module.require (internal/modules/cjs/loader.js:1025:19)"}}
[warn] !  We were unable to load your functions code. (see above) {"metadata":{"emulator":{"name":"functions"}}}
[debug] [2020-08-22T08:40:40.982Z] [worker-~diagnostic~-95d5d3f1-8161-43de-b1e4-0555e1938b02]: exited {"metadata":{"emulator":{"name":"functions"},"message":"[worker-~diagnostic~-95d5d3f1-8161-43de-b1e4-0555e1938b02]: exited"}}
[debug] [2020-08-22T08:40:40.983Z] [worker-~diagnostic~-95d5d3f1-8161-43de-b1e4-0555e1938b02]: FINISHED {"metadata":{"emulator":{"name":"functions"},"message":"[worker-~diagnostic~-95d5d3f1-8161-43de-b1e4-0555e1938b02]: FINISHED"}}
[debug] [2020-08-22T08:40:50.937Z] File C:\Users\danyo\OneDrive\Desktop\kimeltu\functions\index.js changed, reloading triggers {"metadata":{"emulator":{"name":"functions"},"message":"File C:\\Users\\danyo\\OneDrive\\Desktop\\kimeltu\\functions\\index.js changed, reloading triggers"}}
[debug] [2020-08-22T08:40:51.937Z] [worker-pool] Cleaned up workers for ~diagnostic~: 1 --> 0 {"metadata":{"emulator":{"name":"functions"},"message":"[worker-pool] Cleaned up workers for ~diagnostic~: 1 --> 0"}}
[debug] [2020-08-22T08:40:51.948Z] [worker-pool] addWorker(~diagnostic~) {"metadata":{"emulator":{"name":"functions"},"message":"[worker-pool] addWorker(~diagnostic~)"}}
[debug] [2020-08-22T08:40:51.948Z] [worker-pool] Adding worker with key ~diagnostic~, total=1 {"metadata":{"emulator":{"name":"functions"},"message":"[worker-pool] Adding worker with key ~diagnostic~, total=1"}}
[debug] [2020-08-22T08:40:51.948Z] [worker-pool] submitWork(triggerId=) {"metadata":{"emulator":{"name":"functions"},"message":"[worker-pool] submitWork(triggerId=)"}}
[debug] [2020-08-22T08:40:51.948Z] [worker-~diagnostic~-85089893-978b-4147-b492-bb0c03b3f76f]: Assigning socketPath: \\?\pipe\C:\Users\danyo\OneDrive\Desktop\kimeltu\functions\7000 {"metadata":{"emulator":{"name":"functions"},"message":"[worker-~diagnostic~-85089893-978b-4147-b492-bb0c03b3f76f]: Assigning socketPath: \\\\?\\pipe\\C:\\Users\\danyo\\OneDrive\\Desktop\\kimeltu\\functions\\7000"}}
[debug] [2020-08-22T08:40:51.948Z] [worker-~diagnostic~-85089893-978b-4147-b492-bb0c03b3f76f]: BUSY {"metadata":{"emulator":{"name":"functions"},"message":"[worker-~diagnostic~-85089893-978b-4147-b492-bb0c03b3f76f]: BUSY"}}
[debug] [2020-08-22T08:40:52.486Z] [runtime-status] [7000] Functions runtime initialized. {"cwd":"C:\\Users\\danyo\\OneDrive\\Desktop\\kimeltu\\functions","node_version":"12.18.3"} {"metadata":{"emulator":{"name":"functions"},"message":"[runtime-status] [7000] Functions runtime initialized. {\"cwd\":\"C:\\\\Users\\\\danyo\\\\OneDrive\\\\Desktop\\\\kimeltu\\\\functions\",\"node_version\":\"12.18.3\"}"}}
[debug] [2020-08-22T08:40:52.488Z] [runtime-status] [7000] Disabled runtime features: undefined {"metadata":{"emulator":{"name":"functions"},"message":"[runtime-status] [7000] Disabled runtime features: undefined"}}
[debug] [2020-08-22T08:40:52.494Z] [runtime-status] [7000] Resolved module firebase-admin {"declared":true,"installed":true,"version":"8.13.0","resolution":"C:\\Users\\danyo\\OneDrive\\Desktop\\kimeltu\\functions\\node_modules\\firebase-admin\\lib\\index.js"} {"metadata":{"emulator":{"name":"functions"},"message":"[runtime-status] [7000] Resolved module firebase-admin {\"declared\":true,\"installed\":true,\"version\":\"8.13.0\",\"resolution\":\"C:\\\\Users\\\\danyo\\\\OneDrive\\\\Desktop\\\\kimeltu\\\\functions\\\\node_modules\\\\firebase-admin\\\\lib\\\\index.js\"}"}}
[debug] [2020-08-22T08:40:52.497Z] [runtime-status] [7000] Resolved module firebase-functions {"declared":true,"installed":true,"version":"3.11.0","resolution":"C:\\Users\\danyo\\OneDrive\\Desktop\\kimeltu\\functions\\node_modules\\firebase-functions\\lib\\index.js"} {"metadata":{"emulator":{"name":"functions"},"message":"[runtime-status] [7000] Resolved module firebase-functions {\"declared\":true,\"installed\":true,\"version\":\"3.11.0\",\"resolution\":\"C:\\\\Users\\\\danyo\\\\OneDrive\\\\Desktop\\\\kimeltu\\\\functions\\\\node_modules\\\\firebase-functions\\\\lib\\\\index.js\"}"}}
[debug] [2020-08-22T08:40:52.498Z] [runtime-status] [7000] Resolved module firebase-functions {"declared":true,"installed":true,"version":"3.11.0","resolution":"C:\\Users\\danyo\\OneDrive\\Desktop\\kimeltu\\functions\\node_modules\\firebase-functions\\lib\\index.js"} {"metadata":{"emulator":{"name":"functions"},"message":"[runtime-status] [7000] Resolved module firebase-functions {\"declared\":true,\"installed\":true,\"version\":\"3.11.0\",\"resolution\":\"C:\\\\Users\\\\danyo\\\\OneDrive\\\\Desktop\\\\kimeltu\\\\functions\\\\node_modules\\\\firebase-functions\\\\lib\\\\index.js\"}"}}
[debug] [2020-08-22T08:40:52.499Z] [runtime-status] [7000] Outgoing network have been stubbed. [{"name":"http","status":"mocked"},{"name":"http","status":"mocked"},{"name":"https","status":"mocked"},{"name":"https","status":"mocked"},{"name":"net","status":"mocked"}] {"metadata":{"emulator":{"name":"functions"},"message":"[runtime-status] [7000] Outgoing network have been stubbed. [{\"name\":\"http\",\"status\":\"mocked\"},{\"name\":\"http\",\"status\":\"mocked\"},{\"name\":\"https\",\"status\":\"mocked\"},{\"name\":\"https\",\"status\":\"mocked\"},{\"name\":\"net\",\"status\":\"mocked\"}]"}}
[debug] [2020-08-22T08:40:52.500Z] [runtime-status] [7000] Resolved module firebase-functions {"declared":true,"installed":true,"version":"3.11.0","resolution":"C:\\Users\\danyo\\OneDrive\\Desktop\\kimeltu\\functions\\node_modules\\firebase-functions\\lib\\index.js"} {"metadata":{"emulator":{"name":"functions"},"message":"[runtime-status] [7000] Resolved module firebase-functions {\"declared\":true,\"installed\":true,\"version\":\"3.11.0\",\"resolution\":\"C:\\\\Users\\\\danyo\\\\OneDrive\\\\Desktop\\\\kimeltu\\\\functions\\\\node_modules\\\\firebase-functions\\\\lib\\\\index.js\"}"}}
[debug] [2020-08-22T08:40:52.550Z] [runtime-status] [7000] Checked functions.config() {"config":{}} {"metadata":{"emulator":{"name":"functions"},"message":"[runtime-status] [7000] Checked functions.config() {\"config\":{}}"}}
[debug] [2020-08-22T08:40:52.551Z] [runtime-status] [7000] firebase-functions has been stubbed. {"functionsResolution":{"declared":true,"installed":true,"version":"3.11.0","resolution":"C:\\Users\\danyo\\OneDrive\\Desktop\\kimeltu\\functions\\node_modules\\firebase-functions\\lib\\index.js"}} {"metadata":{"emulator":{"name":"functions"},"message":"[runtime-status] [7000] firebase-functions has been stubbed. {\"functionsResolution\":{\"declared\":true,\"installed\":true,\"version\":\"3.11.0\",\"resolution\":\"C:\\\\Users\\\\danyo\\\\OneDrive\\\\Desktop\\\\kimeltu\\\\functions\\\\node_modules\\\\firebase-functions\\\\lib\\\\index.js\"}}"}}
[debug] [2020-08-22T08:40:52.551Z] [runtime-status] [7000] Resolved module firebase-functions {"declared":true,"installed":true,"version":"3.11.0","resolution":"C:\\Users\\danyo\\OneDrive\\Desktop\\kimeltu\\functions\\node_modules\\firebase-functions\\lib\\index.js"} {"metadata":{"emulator":{"name":"functions"},"message":"[runtime-status] [7000] Resolved module firebase-functions {\"declared\":true,\"installed\":true,\"version\":\"3.11.0\",\"resolution\":\"C:\\\\Users\\\\danyo\\\\OneDrive\\\\Desktop\\\\kimeltu\\\\functions\\\\node_modules\\\\firebase-functions\\\\lib\\\\index.js\"}"}}
[debug] [2020-08-22T08:40:52.552Z] [runtime-status] [7000] Resolved module firebase-admin {"declared":true,"installed":true,"version":"8.13.0","resolution":"C:\\Users\\danyo\\OneDrive\\Desktop\\kimeltu\\functions\\node_modules\\firebase-admin\\lib\\index.js"} {"metadata":{"emulator":{"name":"functions"},"message":"[runtime-status] [7000] Resolved module firebase-admin {\"declared\":true,\"installed\":true,\"version\":\"8.13.0\",\"resolution\":\"C:\\\\Users\\\\danyo\\\\OneDrive\\\\Desktop\\\\kimeltu\\\\functions\\\\node_modules\\\\firebase-admin\\\\lib\\\\index.js\"}"}}
[debug] [2020-08-22T08:40:52.552Z] [runtime-status] [7000] Resolved module firebase-functions {"declared":true,"installed":true,"version":"3.11.0","resolution":"C:\\Users\\danyo\\OneDrive\\Desktop\\kimeltu\\functions\\node_modules\\firebase-functions\\lib\\index.js"} {"metadata":{"emulator":{"name":"functions"},"message":"[runtime-status] [7000] Resolved module firebase-functions {\"declared\":true,\"installed\":true,\"version\":\"3.11.0\",\"resolution\":\"C:\\\\Users\\\\danyo\\\\OneDrive\\\\Desktop\\\\kimeltu\\\\functions\\\\node_modules\\\\firebase-functions\\\\lib\\\\index.js\"}"}}
[debug] [2020-08-22T08:40:52.552Z] [runtime-status] [7000] firebase-admin has been stubbed. {"adminResolution":{"declared":true,"installed":true,"version":"8.13.0","resolution":"C:\\Users\\danyo\\OneDrive\\Desktop\\kimeltu\\functions\\node_modules\\firebase-admin\\lib\\index.js"}} {"metadata":{"emulator":{"name":"functions"},"message":"[runtime-status] [7000] firebase-admin has been stubbed. {\"adminResolution\":{\"declared\":true,\"installed\":true,\"version\":\"8.13.0\",\"resolution\":\"C:\\\\Users\\\\danyo\\\\OneDrive\\\\Desktop\\\\kimeltu\\\\functions\\\\node_modules\\\\firebase-admin\\\\lib\\\\index.js\"}}"}}
[debug] [2020-08-22T08:40:52.688Z] [runtime-status] [7000] initializeApp(DEFAULT) {"databaseURL":"https://kimeltu-88856.firebaseio.com","storageBucket":"kimeltu-88856.appspot.com","projectId":"kimeltu-88856"} {"metadata":{"emulator":{"name":"functions"},"message":"[runtime-status] [7000] initializeApp(DEFAULT) {\"databaseURL\":\"https://kimeltu-88856.firebaseio.com\",\"storageBucket\":\"kimeltu-88856.appspot.com\",\"projectId\":\"kimeltu-88856\"}"}}
[warn] !  functions: The Cloud Firestore emulator is not running, so calls to Firestore will affect production. {"metadata":{"emulator":{"name":"functions"},"message":"The Cloud Firestore emulator is not running, so calls to Firestore will affect production."}}
[warn] !  Error: Cannot find module './handlers/user'
Require stack:
- C:\Users\danyo\OneDrive\Desktop\kimeltu\functions\index.js
- C:\Users\danyo\AppData\Roaming\npm\node_modules\firebase-tools\lib\emulator\functionsEmulatorRuntime.js
    at Function.Module._resolveFilename (internal/modules/cjs/loader.js:965:15)
    at Function.Module._load (internal/modules/cjs/loader.js:841:27)
    at Module.require (internal/modules/cjs/loader.js:1025:19)
    at require (internal/modules/cjs/helpers.js:72:18)
    at Object.<anonymous> (C:\Users\danyo\OneDrive\Desktop\kimeltu\functions\index.js:10:22)
    at Module._compile (internal/modules/cjs/loader.js:1137:30)
    at Object.Module._extensions..js (internal/modules/cjs/loader.js:1157:10)
    at Module.load (internal/modules/cjs/loader.js:985:32)
    at Function.Module._load (internal/modules/cjs/loader.js:878:14)
    at Module.require (internal/modules/cjs/loader.js:1025:19) {"metadata":{"emulator":{"name":"functions"},"message":"Error: Cannot find module './handlers/user'\nRequire stack:\n- C:\\Users\\danyo\\OneDrive\\Desktop\\kimeltu\\functions\\index.js\n- C:\\Users\\danyo\\AppData\\Roaming\\npm\\node_modules\\firebase-tools\\lib\\emulator\\functionsEmulatorRuntime.js\n    at Function.Module._resolveFilename (internal/modules/cjs/loader.js:965:15)\n    at Function.Module._load (internal/modules/cjs/loader.js:841:27)\n    at Module.require (internal/modules/cjs/loader.js:1025:19)\n    at require (internal/modules/cjs/helpers.js:72:18)\n    at Object.<anonymous> (C:\\Users\\danyo\\OneDrive\\Desktop\\kimeltu\\functions\\index.js:10:22)\n    at Module._compile (internal/modules/cjs/loader.js:1137:30)\n    at Object.Module._extensions..js (internal/modules/cjs/loader.js:1157:10)\n    at Module.load (internal/modules/cjs/loader.js:985:32)\n    at Function.Module._load (internal/modules/cjs/loader.js:878:14)\n    at Module.require (internal/modules/cjs/loader.js:1025:19)"}}
[warn] !  We were unable to load your functions code. (see above) {"metadata":{"emulator":{"name":"functions"}}}
[debug] [2020-08-22T08:40:53.105Z] [worker-~diagnostic~-85089893-978b-4147-b492-bb0c03b3f76f]: exited {"metadata":{"emulator":{"name":"functions"},"message":"[worker-~diagnostic~-85089893-978b-4147-b492-bb0c03b3f76f]: exited"}}
[debug] [2020-08-22T08:40:53.105Z] [worker-~diagnostic~-85089893-978b-4147-b492-bb0c03b3f76f]: FINISHED {"metadata":{"emulator":{"name":"functions"},"message":"[worker-~diagnostic~-85089893-978b-4147-b492-bb0c03b3f76f]: FINISHED"}}
[debug] [2020-08-22T09:23:23.071Z] ----------------------------------------------------------------------
[debug] [2020-08-22T09:23:23.076Z] Command:       C:\Program Files\nodejs\node.exe C:\Users\danyo\AppData\Roaming\npm\node_modules\firebase-tools\lib\bin\firebase.js serve
[debug] [2020-08-22T09:23:23.076Z] CLI Version:   8.9.0
[debug] [2020-08-22T09:23:23.077Z] Platform:      win32
[debug] [2020-08-22T09:23:23.077Z] Node Version:  v12.18.3
[debug] [2020-08-22T09:23:23.172Z] Time:          Sat Aug 22 2020 05:23:23 GMT-0400 (GMT-04:00)
[debug] [2020-08-22T09:23:23.172Z] ----------------------------------------------------------------------
[debug] [2020-08-22T09:23:23.172Z] 
[debug] [2020-08-22T09:23:23.224Z] > command requires scopes: ["email","openid","https://www.googleapis.com/auth/cloudplatformprojects.readonly","https://www.googleapis.com/auth/firebase","https://www.googleapis.com/auth/cloud-platform"]
[debug] [2020-08-22T09:23:23.224Z] > authorizing via signed-in user
[debug] [2020-08-22T09:23:23.225Z] [iam] checking project kimeltu-88856 for permissions ["firebase.projects.get"]
[debug] [2020-08-22T09:23:23.227Z] > refreshing access token with scopes: ["email","https://www.googleapis.com/auth/cloud-platform","https://www.googleapis.com/auth/cloudplatformprojects.readonly","https://www.googleapis.com/auth/firebase","openid"]
[debug] [2020-08-22T09:23:23.227Z] >>> HTTP REQUEST POST https://www.googleapis.com/oauth2/v3/token  
 <request body omitted>
[debug] [2020-08-22T09:23:23.382Z] <<< HTTP RESPONSE 200 {"content-type":"application/json; charset=utf-8","vary":"X-Origin, Referer, Origin,Accept-Encoding","date":"Sat, 22 Aug 2020 09:23:23 GMT","server":"scaffolding on HTTPServer2","cache-control":"private","x-xss-protection":"0","x-frame-options":"SAMEORIGIN","x-content-type-options":"nosniff","alt-svc":"h3-29=\":443\"; ma=2592000,h3-27=\":443\"; ma=2592000,h3-T050=\":443\"; ma=2592000,h3-Q050=\":443\"; ma=2592000,h3-Q046=\":443\"; ma=2592000,h3-Q043=\":443\"; ma=2592000,quic=\":443\"; ma=2592000; v=\"46,43\"","accept-ranges":"none","transfer-encoding":"chunked"}
[debug] [2020-08-22T09:23:23.424Z] >>> HTTP REQUEST POST https://cloudresourcemanager.googleapis.com/v1/projects/kimeltu-88856:testIamPermissions  
 {"permissions":["firebase.projects.get"]}
[debug] [2020-08-22T09:23:24.359Z] <<< HTTP RESPONSE 200 {"content-type":"application/json; charset=UTF-8","vary":"X-Origin, Referer, Origin,Accept-Encoding","date":"Sat, 22 Aug 2020 09:23:24 GMT","server":"ESF","cache-control":"private","x-xss-protection":"0","x-frame-options":"SAMEORIGIN","x-content-type-options":"nosniff","server-timing":"gfet4t7; dur=836","alt-svc":"h3-29=\":443\"; ma=2592000,h3-27=\":443\"; ma=2592000,h3-T050=\":443\"; ma=2592000,h3-Q050=\":443\"; ma=2592000,h3-Q046=\":443\"; ma=2592000,h3-Q043=\":443\"; ma=2592000,quic=\":443\"; ma=2592000; v=\"46,43\"","accept-ranges":"none","transfer-encoding":"chunked"}
[debug] [2020-08-22T09:23:24.359Z] >>> HTTP REQUEST GET https://firebase.googleapis.com/v1beta1/projects/kimeltu-88856  
 
[debug] [2020-08-22T09:23:25.443Z] <<< HTTP RESPONSE 200 {"content-type":"application/json; charset=UTF-8","vary":"X-Origin, Referer, Origin,Accept-Encoding","date":"Sat, 22 Aug 2020 09:23:25 GMT","server":"ESF","cache-control":"private","x-xss-protection":"0","x-frame-options":"SAMEORIGIN","x-content-type-options":"nosniff","alt-svc":"h3-29=\":443\"; ma=2592000,h3-27=\":443\"; ma=2592000,h3-T050=\":443\"; ma=2592000,h3-Q050=\":443\"; ma=2592000,h3-Q046=\":443\"; ma=2592000,h3-Q043=\":443\"; ma=2592000,quic=\":443\"; ma=2592000; v=\"46,43\"","accept-ranges":"none","transfer-encoding":"chunked"}
[info] 
[info] === Serving from 'C:\Users\danyo\OneDrive\Desktop\kimeltu'...
[info] 
[warn] !  Your requested "node" version "8" doesn't match your global version "12" {"metadata":{"emulator":{"name":"functions"},"message":"Your requested \"node\" version \"8\" doesn't match your global version \"12\""}}
[info] i  functions: Watching "C:\Users\danyo\OneDrive\Desktop\kimeltu\functions" for Cloud Functions... {"metadata":{"emulator":{"name":"functions"},"message":"Watching \"C:\\Users\\danyo\\OneDrive\\Desktop\\kimeltu\\functions\" for Cloud Functions..."}}
[debug] [2020-08-22T09:23:27.634Z] [worker-pool] addWorker(~diagnostic~) {"metadata":{"emulator":{"name":"functions"},"message":"[worker-pool] addWorker(~diagnostic~)"}}
[debug] [2020-08-22T09:23:27.636Z] [worker-pool] Adding worker with key ~diagnostic~, total=1 {"metadata":{"emulator":{"name":"functions"},"message":"[worker-pool] Adding worker with key ~diagnostic~, total=1"}}
[debug] [2020-08-22T09:23:27.636Z] [worker-pool] submitWork(triggerId=) {"metadata":{"emulator":{"name":"functions"},"message":"[worker-pool] submitWork(triggerId=)"}}
[debug] [2020-08-22T09:23:27.637Z] [worker-~diagnostic~-3e3b954a-f38b-45c9-929e-c292805242c8]: Assigning socketPath: \\?\pipe\C:\Users\danyo\OneDrive\Desktop\kimeltu\functions\14084 {"metadata":{"emulator":{"name":"functions"},"message":"[worker-~diagnostic~-3e3b954a-f38b-45c9-929e-c292805242c8]: Assigning socketPath: \\\\?\\pipe\\C:\\Users\\danyo\\OneDrive\\Desktop\\kimeltu\\functions\\14084"}}
[debug] [2020-08-22T09:23:27.638Z] [worker-~diagnostic~-3e3b954a-f38b-45c9-929e-c292805242c8]: BUSY {"metadata":{"emulator":{"name":"functions"},"message":"[worker-~diagnostic~-3e3b954a-f38b-45c9-929e-c292805242c8]: BUSY"}}
[debug] [2020-08-22T09:23:28.061Z] [runtime-status] [14084] Functions runtime initialized. {"cwd":"C:\\Users\\danyo\\OneDrive\\Desktop\\kimeltu\\functions","node_version":"12.18.3"} {"metadata":{"emulator":{"name":"functions"},"message":"[runtime-status] [14084] Functions runtime initialized. {\"cwd\":\"C:\\\\Users\\\\danyo\\\\OneDrive\\\\Desktop\\\\kimeltu\\\\functions\",\"node_version\":\"12.18.3\"}"}}
[debug] [2020-08-22T09:23:28.061Z] [runtime-status] [14084] Disabled runtime features: undefined {"metadata":{"emulator":{"name":"functions"},"message":"[runtime-status] [14084] Disabled runtime features: undefined"}}
[debug] [2020-08-22T09:23:28.065Z] [runtime-status] [14084] Resolved module firebase-admin {"declared":true,"installed":true,"version":"8.13.0","resolution":"C:\\Users\\danyo\\OneDrive\\Desktop\\kimeltu\\functions\\node_modules\\firebase-admin\\lib\\index.js"} {"metadata":{"emulator":{"name":"functions"},"message":"[runtime-status] [14084] Resolved module firebase-admin {\"declared\":true,\"installed\":true,\"version\":\"8.13.0\",\"resolution\":\"C:\\\\Users\\\\danyo\\\\OneDrive\\\\Desktop\\\\kimeltu\\\\functions\\\\node_modules\\\\firebase-admin\\\\lib\\\\index.js\"}"}}
[debug] [2020-08-22T09:23:28.253Z] [runtime-status] [14084] Resolved module firebase-functions {"declared":true,"installed":true,"version":"3.11.0","resolution":"C:\\Users\\danyo\\OneDrive\\Desktop\\kimeltu\\functions\\node_modules\\firebase-functions\\lib\\index.js"} {"metadata":{"emulator":{"name":"functions"},"message":"[runtime-status] [14084] Resolved module firebase-functions {\"declared\":true,\"installed\":true,\"version\":\"3.11.0\",\"resolution\":\"C:\\\\Users\\\\danyo\\\\OneDrive\\\\Desktop\\\\kimeltu\\\\functions\\\\node_modules\\\\firebase-functions\\\\lib\\\\index.js\"}"}}
[debug] [2020-08-22T09:23:28.253Z] [runtime-status] [14084] Resolved module firebase-functions {"declared":true,"installed":true,"version":"3.11.0","resolution":"C:\\Users\\danyo\\OneDrive\\Desktop\\kimeltu\\functions\\node_modules\\firebase-functions\\lib\\index.js"} {"metadata":{"emulator":{"name":"functions"},"message":"[runtime-status] [14084] Resolved module firebase-functions {\"declared\":true,\"installed\":true,\"version\":\"3.11.0\",\"resolution\":\"C:\\\\Users\\\\danyo\\\\OneDrive\\\\Desktop\\\\kimeltu\\\\functions\\\\node_modules\\\\firebase-functions\\\\lib\\\\index.js\"}"}}
[debug] [2020-08-22T09:23:28.255Z] [runtime-status] [14084] Outgoing network have been stubbed. [{"name":"http","status":"mocked"},{"name":"http","status":"mocked"},{"name":"https","status":"mocked"},{"name":"https","status":"mocked"},{"name":"net","status":"mocked"}] {"metadata":{"emulator":{"name":"functions"},"message":"[runtime-status] [14084] Outgoing network have been stubbed. [{\"name\":\"http\",\"status\":\"mocked\"},{\"name\":\"http\",\"status\":\"mocked\"},{\"name\":\"https\",\"status\":\"mocked\"},{\"name\":\"https\",\"status\":\"mocked\"},{\"name\":\"net\",\"status\":\"mocked\"}]"}}
[debug] [2020-08-22T09:23:28.255Z] [runtime-status] [14084] Resolved module firebase-functions {"declared":true,"installed":true,"version":"3.11.0","resolution":"C:\\Users\\danyo\\OneDrive\\Desktop\\kimeltu\\functions\\node_modules\\firebase-functions\\lib\\index.js"} {"metadata":{"emulator":{"name":"functions"},"message":"[runtime-status] [14084] Resolved module firebase-functions {\"declared\":true,\"installed\":true,\"version\":\"3.11.0\",\"resolution\":\"C:\\\\Users\\\\danyo\\\\OneDrive\\\\Desktop\\\\kimeltu\\\\functions\\\\node_modules\\\\firebase-functions\\\\lib\\\\index.js\"}"}}
[debug] [2020-08-22T09:23:31.624Z] [runtime-status] [14084] Checked functions.config() {"config":{}} {"metadata":{"emulator":{"name":"functions"},"message":"[runtime-status] [14084] Checked functions.config() {\"config\":{}}"}}
[debug] [2020-08-22T09:23:31.625Z] [runtime-status] [14084] firebase-functions has been stubbed. {"functionsResolution":{"declared":true,"installed":true,"version":"3.11.0","resolution":"C:\\Users\\danyo\\OneDrive\\Desktop\\kimeltu\\functions\\node_modules\\firebase-functions\\lib\\index.js"}} {"metadata":{"emulator":{"name":"functions"},"message":"[runtime-status] [14084] firebase-functions has been stubbed. {\"functionsResolution\":{\"declared\":true,\"installed\":true,\"version\":\"3.11.0\",\"resolution\":\"C:\\\\Users\\\\danyo\\\\OneDrive\\\\Desktop\\\\kimeltu\\\\functions\\\\node_modules\\\\firebase-functions\\\\lib\\\\index.js\"}}"}}
[debug] [2020-08-22T09:23:31.627Z] [runtime-status] [14084] Resolved module firebase-functions {"declared":true,"installed":true,"version":"3.11.0","resolution":"C:\\Users\\danyo\\OneDrive\\Desktop\\kimeltu\\functions\\node_modules\\firebase-functions\\lib\\index.js"} {"metadata":{"emulator":{"name":"functions"},"message":"[runtime-status] [14084] Resolved module firebase-functions {\"declared\":true,\"installed\":true,\"version\":\"3.11.0\",\"resolution\":\"C:\\\\Users\\\\danyo\\\\OneDrive\\\\Desktop\\\\kimeltu\\\\functions\\\\node_modules\\\\firebase-functions\\\\lib\\\\index.js\"}"}}
[debug] [2020-08-22T09:23:31.630Z] [runtime-status] [14084] Resolved module firebase-admin {"declared":true,"installed":true,"version":"8.13.0","resolution":"C:\\Users\\danyo\\OneDrive\\Desktop\\kimeltu\\functions\\node_modules\\firebase-admin\\lib\\index.js"} {"metadata":{"emulator":{"name":"functions"},"message":"[runtime-status] [14084] Resolved module firebase-admin {\"declared\":true,\"installed\":true,\"version\":\"8.13.0\",\"resolution\":\"C:\\\\Users\\\\danyo\\\\OneDrive\\\\Desktop\\\\kimeltu\\\\functions\\\\node_modules\\\\firebase-admin\\\\lib\\\\index.js\"}"}}
[debug] [2020-08-22T09:23:31.631Z] [runtime-status] [14084] Resolved module firebase-functions {"declared":true,"installed":true,"version":"3.11.0","resolution":"C:\\Users\\danyo\\OneDrive\\Desktop\\kimeltu\\functions\\node_modules\\firebase-functions\\lib\\index.js"} {"metadata":{"emulator":{"name":"functions"},"message":"[runtime-status] [14084] Resolved module firebase-functions {\"declared\":true,\"installed\":true,\"version\":\"3.11.0\",\"resolution\":\"C:\\\\Users\\\\danyo\\\\OneDrive\\\\Desktop\\\\kimeltu\\\\functions\\\\node_modules\\\\firebase-functions\\\\lib\\\\index.js\"}"}}
[debug] [2020-08-22T09:23:31.632Z] [runtime-status] [14084] firebase-admin has been stubbed. {"adminResolution":{"declared":true,"installed":true,"version":"8.13.0","resolution":"C:\\Users\\danyo\\OneDrive\\Desktop\\kimeltu\\functions\\node_modules\\firebase-admin\\lib\\index.js"}} {"metadata":{"emulator":{"name":"functions"},"message":"[runtime-status] [14084] firebase-admin has been stubbed. {\"adminResolution\":{\"declared\":true,\"installed\":true,\"version\":\"8.13.0\",\"resolution\":\"C:\\\\Users\\\\danyo\\\\OneDrive\\\\Desktop\\\\kimeltu\\\\functions\\\\node_modules\\\\firebase-admin\\\\lib\\\\index.js\"}}"}}
[debug] [2020-08-22T09:23:33.588Z] [runtime-status] [14084] initializeApp(DEFAULT) {"databaseURL":"https://kimeltu-88856.firebaseio.com","storageBucket":"kimeltu-88856.appspot.com","projectId":"kimeltu-88856"} {"metadata":{"emulator":{"name":"functions"},"message":"[runtime-status] [14084] initializeApp(DEFAULT) {\"databaseURL\":\"https://kimeltu-88856.firebaseio.com\",\"storageBucket\":\"kimeltu-88856.appspot.com\",\"projectId\":\"kimeltu-88856\"}"}}
[warn] !  functions: The Cloud Firestore emulator is not running, so calls to Firestore will affect production. {"metadata":{"emulator":{"name":"functions"},"message":"The Cloud Firestore emulator is not running, so calls to Firestore will affect production."}}
[warn] !  Error: Cannot find module 'uuidv4'
Require stack:
- C:\Users\danyo\OneDrive\Desktop\kimeltu\functions\handlers\users.js
- C:\Users\danyo\OneDrive\Desktop\kimeltu\functions\index.js
- C:\Users\danyo\AppData\Roaming\npm\node_modules\firebase-tools\lib\emulator\functionsEmulatorRuntime.js
    at Function.Module._resolveFilename (internal/modules/cjs/loader.js:965:15)
    at Function.Module._load (internal/modules/cjs/loader.js:841:27)
    at Module.require (internal/modules/cjs/loader.js:1025:19)
    at require (internal/modules/cjs/helpers.js:72:18)
    at Object.<anonymous> (C:\Users\danyo\OneDrive\Desktop\kimeltu\functions\handlers\users.js:4:18)
    at Module._compile (internal/modules/cjs/loader.js:1137:30)
    at Object.Module._extensions..js (internal/modules/cjs/loader.js:1157:10)
    at Module.load (internal/modules/cjs/loader.js:985:32)
    at Function.Module._load (internal/modules/cjs/loader.js:878:14)
    at Module.require (internal/modules/cjs/loader.js:1025:19) {"metadata":{"emulator":{"name":"functions"},"message":"Error: Cannot find module 'uuidv4'\nRequire stack:\n- C:\\Users\\danyo\\OneDrive\\Desktop\\kimeltu\\functions\\handlers\\users.js\n- C:\\Users\\danyo\\OneDrive\\Desktop\\kimeltu\\functions\\index.js\n- C:\\Users\\danyo\\AppData\\Roaming\\npm\\node_modules\\firebase-tools\\lib\\emulator\\functionsEmulatorRuntime.js\n    at Function.Module._resolveFilename (internal/modules/cjs/loader.js:965:15)\n    at Function.Module._load (internal/modules/cjs/loader.js:841:27)\n    at Module.require (internal/modules/cjs/loader.js:1025:19)\n    at require (internal/modules/cjs/helpers.js:72:18)\n    at Object.<anonymous> (C:\\Users\\danyo\\OneDrive\\Desktop\\kimeltu\\functions\\handlers\\users.js:4:18)\n    at Module._compile (internal/modules/cjs/loader.js:1137:30)\n    at Object.Module._extensions..js (internal/modules/cjs/loader.js:1157:10)\n    at Module.load (internal/modules/cjs/loader.js:985:32)\n    at Function.Module._load (internal/modules/cjs/loader.js:878:14)\n    at Module.require (internal/modules/cjs/loader.js:1025:19)"}}
[warn] !  We were unable to load your functions code. (see above) {"metadata":{"emulator":{"name":"functions"}}}
[debug] [2020-08-22T09:23:41.202Z] [worker-~diagnostic~-3e3b954a-f38b-45c9-929e-c292805242c8]: exited {"metadata":{"emulator":{"name":"functions"},"message":"[worker-~diagnostic~-3e3b954a-f38b-45c9-929e-c292805242c8]: exited"}}
[debug] [2020-08-22T09:23:41.202Z] [worker-~diagnostic~-3e3b954a-f38b-45c9-929e-c292805242c8]: FINISHED {"metadata":{"emulator":{"name":"functions"},"message":"[worker-~diagnostic~-3e3b954a-f38b-45c9-929e-c292805242c8]: FINISHED"}}
